Welcome to the 2dKBRKGA
W H
100 100
Running for 10000 generations...
Gen: 0 Improved solution: -27648 Time: 0.005433
Gen: 14 Improved solution: -27788 Time: 0.047763
Gen: 37 Improved solution: -27852 Time: 0.112253
Fitness of the top 10 individuals of each population:
Population #0:
	0) -27852
	1) -27852
	2) -27852
	3) -27852
	4) -27852
	5) -27852
	6) -27852
	7) -27852
	8) -27852
	9) -27852
Population #1:
	0) -27852
	1) -27852
	2) -27852
	3) -27852
	4) -27852
	5) -27852
	6) -27852
	7) -27852
	8) -27852
	9) -27852
Population #2:
	0) -27852
	1) -27852
	2) -27852
	3) -27852
	4) -27852
	5) -27852
	6) -27852
	7) -27852
	8) -27852
	9) -27852
Time: 27.7602
Best solution found has objective value = -27852
