Welcome to the 2dKBRKGA
W H
100 100
Running for 10000 generations...
Gen: 0 Improved solution: -27538 Time: 0.013804
Gen: 2 Improved solution: -28592 Time: 0.03388
Gen: 3 Improved solution: -28677 Time: 0.044084
Fitness of the top 10 individuals of each population:
Population #0:
	0) -28677
	1) -28677
	2) -28677
	3) -28677
	4) -28677
	5) -28677
	6) -28677
	7) -28677
	8) -28677
	9) -28677
Population #1:
	0) -28677
	1) -28677
	2) -28677
	3) -28677
	4) -28677
	5) -28677
	6) -28677
	7) -28677
	8) -28677
	9) -28677
Population #2:
	0) -28677
	1) -28677
	2) -28677
	3) -28677
	4) -28677
	5) -28677
	6) -28677
	7) -28677
	8) -28677
	9) -28677
Time: 61.0416
Best solution found has objective value = -28677
