Welcome to the 2dKBRKGA
W H
250 250
Running for 10000 generations...
Gen: 0 Improved solution: -53898 Time: 0.003409
Gen: 1 Improved solution: -56357 Time: 0.005778
Gen: 2 Improved solution: -57033 Time: 0.008235
Gen: 14 Improved solution: -58248 Time: 0.030092
Gen: 18 Improved solution: -58592 Time: 0.039487
Gen: 100 Improved solution: -59262 Time: 0.176976
Gen: 927 Improved solution: -59895 Time: 1.57429
Fitness of the top 10 individuals of each population:
Population #0:
	0) -59895
	1) -59895
	2) -59895
	3) -59895
	4) -59895
	5) -59895
	6) -59895
	7) -59895
	8) -59895
	9) -59895
Population #1:
	0) -59895
	1) -59895
	2) -59895
	3) -59895
	4) -59895
	5) -59895
	6) -59895
	7) -59895
	8) -59895
	9) -59895
Population #2:
	0) -59895
	1) -59895
	2) -59895
	3) -59895
	4) -59895
	5) -59895
	6) -59895
	7) -59895
	8) -59895
	9) -59895
Time: 16.6247
Best solution found has objective value = -59895
