99
99
Academic license - for non-commercial use only
Optimize a model with 9851 rows, 102998 columns and 99550617 nonzeros
Variable types: 0 continuous, 102998 integer (102998 binary)
Coefficient statistics:
  Matrix range     [1e+00, 1e+00]
  Objective range  [2e+02, 2e+04]
  Bounds range     [1e+00, 1e+00]
  RHS range        [1e+00, 3e+00]
Found heuristic solution: objective 20634
Presolve removed 197 rows and 0 columns (presolve time = 14s) ...
Presolve removed 197 rows and 0 columns (presolve time = 15s) ...
Presolve removed 197 rows and 0 columns (presolve time = 20s) ...
Presolve removed 197 rows and 0 columns (presolve time = 25s) ...
Presolve removed 197 rows and 0 columns (presolve time = 34s) ...
Presolve removed 209 rows and 0 columns (presolve time = 35s) ...
Presolve removed 209 rows and 0 columns (presolve time = 47s) ...
Presolve removed 209 rows and 916 columns (presolve time = 50s) ...
Presolve removed 209 rows and 1132 columns (presolve time = 55s) ...
Presolve removed 209 rows and 1132 columns (presolve time = 64s) ...
Presolve removed 209 rows and 1132 columns (presolve time = 65s) ...
Presolve removed 209 rows and 1132 columns (presolve time = 77s) ...
Presolve removed 209 rows and 1132 columns (presolve time = 80s) ...
Presolve removed 209 rows and 1132 columns (presolve time = 85s) ...
Presolve removed 209 rows and 1132 columns (presolve time = 94s) ...
Presolve removed 209 rows and 1132 columns (presolve time = 95s) ...
Presolve removed 209 rows and 1132 columns (presolve time = 125s) ...
Presolve removed 209 rows and 1132 columns (presolve time = 130s) ...
Presolve removed 209 rows and 1132 columns (presolve time = 135s) ...
Presolve removed 209 rows and 1132 columns (presolve time = 140s) ...
Presolve removed 209 rows and 1132 columns (presolve time = 145s) ...
Presolve removed 209 rows and 1132 columns (presolve time = 150s) ...
Presolve removed 209 rows and 1132 columns (presolve time = 155s) ...
Presolve removed 209 rows and 1132 columns (presolve time = 160s) ...
Presolve removed 209 rows and 1132 columns (presolve time = 165s) ...
Presolve removed 209 rows and 1132 columns (presolve time = 170s) ...
Presolve removed 209 rows and 1132 columns (presolve time = 175s) ...
Presolve removed 209 rows and 1132 columns (presolve time = 180s) ...
Presolve removed 209 rows and 1132 columns (presolve time = 185s) ...
Presolve removed 209 rows and 1132 columns (presolve time = 190s) ...
Presolve removed 209 rows and 1132 columns (presolve time = 195s) ...
Presolve removed 209 rows and 1132 columns (presolve time = 200s) ...
Presolve removed 209 rows and 1132 columns (presolve time = 205s) ...
Presolve removed 209 rows and 1132 columns (presolve time = 210s) ...
Presolve removed 209 rows and 1132 columns (presolve time = 215s) ...
Presolve removed 209 rows and 1132 columns (presolve time = 220s) ...
Presolve removed 209 rows and 1132 columns (presolve time = 225s) ...
Presolve removed 209 rows and 1132 columns (presolve time = 230s) ...
Presolve removed 209 rows and 1132 columns (presolve time = 235s) ...
Presolve removed 209 rows and 1132 columns (presolve time = 240s) ...
Presolve removed 209 rows and 1132 columns (presolve time = 245s) ...
Presolve removed 209 rows and 1132 columns (presolve time = 250s) ...
Presolve removed 209 rows and 1132 columns (presolve time = 255s) ...
Presolve removed 209 rows and 1132 columns (presolve time = 260s) ...
Presolve removed 209 rows and 1132 columns (presolve time = 265s) ...
Presolve removed 209 rows and 1132 columns (presolve time = 270s) ...
Presolve removed 209 rows and 1132 columns (presolve time = 275s) ...
Presolve removed 209 rows and 1132 columns (presolve time = 280s) ...
Presolve removed 209 rows and 1132 columns (presolve time = 285s) ...
Presolve removed 209 rows and 1132 columns (presolve time = 290s) ...
Presolve removed 209 rows and 1132 columns (presolve time = 295s) ...
Presolve removed 209 rows and 1132 columns (presolve time = 300s) ...
Presolve removed 209 rows and 1132 columns (presolve time = 305s) ...
Presolve removed 209 rows and 1132 columns (presolve time = 310s) ...
Presolve removed 209 rows and 1132 columns (presolve time = 315s) ...
Presolve removed 209 rows and 1132 columns (presolve time = 320s) ...
Presolve removed 209 rows and 1132 columns (presolve time = 325s) ...
Presolve removed 209 rows and 1132 columns (presolve time = 330s) ...
Presolve removed 209 rows and 1132 columns (presolve time = 335s) ...
Presolve removed 209 rows and 1132 columns (presolve time = 340s) ...
Presolve removed 209 rows and 1132 columns (presolve time = 345s) ...
Presolve removed 209 rows and 1132 columns (presolve time = 350s) ...
Presolve removed 209 rows and 1132 columns (presolve time = 355s) ...
Presolve removed 209 rows and 1132 columns (presolve time = 360s) ...
Presolve removed 209 rows and 1132 columns (presolve time = 365s) ...
Presolve removed 209 rows and 1132 columns (presolve time = 370s) ...
Presolve removed 209 rows and 1132 columns (presolve time = 375s) ...
Presolve removed 209 rows and 1132 columns (presolve time = 380s) ...
Presolve removed 209 rows and 1132 columns (presolve time = 386s) ...
Presolve removed 209 rows and 1132 columns (presolve time = 390s) ...
Presolve removed 209 rows and 1132 columns (presolve time = 395s) ...
Presolve removed 209 rows and 1132 columns (presolve time = 400s) ...
Presolve removed 209 rows and 1132 columns (presolve time = 405s) ...
Presolve removed 209 rows and 1132 columns (presolve time = 411s) ...
Presolve removed 209 rows and 1132 columns (presolve time = 416s) ...
Presolve removed 209 rows and 1132 columns (presolve time = 420s) ...
Presolve removed 209 rows and 1132 columns (presolve time = 425s) ...
Presolve removed 209 rows and 1132 columns (presolve time = 430s) ...
Presolve removed 209 rows and 1132 columns (presolve time = 435s) ...
Presolve removed 209 rows and 1132 columns (presolve time = 440s) ...
Presolve removed 209 rows and 1132 columns (presolve time = 445s) ...
Presolve removed 209 rows and 1132 columns (presolve time = 450s) ...
Presolve removed 209 rows and 1132 columns (presolve time = 456s) ...
Presolve removed 209 rows and 1132 columns (presolve time = 460s) ...
Presolve removed 209 rows and 1132 columns (presolve time = 465s) ...
Presolve removed 209 rows and 1132 columns (presolve time = 470s) ...
Presolve removed 209 rows and 1132 columns
Presolve time: 474.14s
Presolved: 9642 rows, 101866 columns, 94505751 nonzeros
Variable types: 0 continuous, 101866 integer (101866 binary)

Root simplex log...

Iteration    Objective       Primal Inf.    Dual Inf.      Time
       0    4.5140547e+07   1.854331e+07   0.000000e+00    482s
    1680    7.7933145e+04   4.080404e+04   0.000000e+00    485s
    3187    5.7199185e+04   1.274760e+05   0.000000e+00    490s
    4316    4.7872854e+04   1.184338e+05   0.000000e+00    495s
    5262    4.3907965e+04   6.188942e+04   0.000000e+00    500s
    6219    4.0068446e+04   1.180496e+04   0.000000e+00    506s
    6954    3.8152429e+04   2.056179e+05   0.000000e+00    510s
    7670    3.6851880e+04   1.363703e+05   0.000000e+00    515s
    8392    3.5949429e+04   2.140288e+04   0.000000e+00    520s
    9104    3.5055810e+04   5.602239e+05   0.000000e+00    526s
    9815    3.4264476e+04   3.432834e+04   0.000000e+00    531s
   10330    3.3731107e+04   2.711252e+04   0.000000e+00    535s
   11023    3.3220637e+04   2.529489e+05   0.000000e+00    541s
   11538    3.2854163e+04   3.077568e+04   0.000000e+00    546s
   12050    3.2636386e+04   5.339150e+03   0.000000e+00    551s
   12554    3.2413301e+04   2.828196e+05   0.000000e+00    556s
   12889    3.2298869e+04   9.611978e+05   0.000000e+00    560s
   13396    3.2143650e+04   2.475309e+05   0.000000e+00    566s
   13891    3.1990092e+04   1.464577e+04   0.000000e+00    572s
   14220    3.1898075e+04   1.413826e+05   0.000000e+00    576s
   14708    3.1759756e+04   1.481531e+05   0.000000e+00    582s
   15035    3.1683638e+04   9.746297e+03   0.000000e+00    586s
   15367    3.1616238e+04   5.385381e+04   0.000000e+00    590s
   15862    3.1524675e+04   4.385073e+04   0.000000e+00    597s
   16199    3.1467379e+04   8.896840e+04   0.000000e+00    601s
   16526    3.1414747e+04   7.259837e+04   0.000000e+00    606s
   16854    3.1372112e+04   5.240296e+04   0.000000e+00    611s
   17181    3.1331747e+04   4.899309e+04   0.000000e+00    615s
   17508    3.1285370e+04   3.405945e+04   0.000000e+00    620s
   17834    3.1241483e+04   5.989084e+04   0.000000e+00    625s
   18161    3.1196239e+04   2.356386e+04   0.000000e+00    630s
   18486    3.1153858e+04   3.054032e+04   0.000000e+00    635s
   18814    3.1113046e+04   2.049164e+05   0.000000e+00    640s
   19133    3.1076126e+04   6.734137e+04   0.000000e+00    646s
   19457    3.1042353e+04   8.620530e+04   0.000000e+00    651s
   19781    3.1009156e+04   1.148861e+05   0.000000e+00    656s
   20113    3.0977182e+04   1.230887e+04   0.000000e+00    662s
   20433    3.0944986e+04   3.486946e+04   0.000000e+00    667s
   20753    3.0914665e+04   1.090683e+05   0.000000e+00    673s
   20912    3.0903081e+04   4.544409e+05   0.000000e+00    676s
   21236    3.0884032e+04   1.981587e+04   0.000000e+00    681s
   21555    3.0860388e+04   2.233473e+04   0.000000e+00    687s
   21721    3.0847815e+04   6.541164e+03   0.000000e+00    690s
   22040    3.0825689e+04   1.802204e+04   0.000000e+00    696s
   22363    3.0802804e+04   3.000435e+05   0.000000e+00    702s
   22526    3.0795408e+04   9.780188e+04   0.000000e+00    705s
   22851    3.0778100e+04   1.163043e+04   0.000000e+00    711s
   23175    3.0758122e+04   8.006978e+04   0.000000e+00    717s
   23333    3.0749442e+04   7.646007e+03   0.000000e+00    720s
   23649    3.0730941e+04   9.464323e+03   0.000000e+00    727s
   23970    3.0712358e+04   2.702084e+04   0.000000e+00    733s
   24132    3.0703288e+04   5.607297e+03   0.000000e+00    736s
   24450    3.0684043e+04   6.419293e+04   0.000000e+00    742s
   24612    3.0674269e+04   1.645597e+04   0.000000e+00    745s
   24933    3.0656955e+04   1.227558e+04   0.000000e+00    751s
   25251    3.0639505e+04   1.162031e+04   0.000000e+00    758s
   25411    3.0630212e+04   1.260186e+04   0.000000e+00    761s
   25732    3.0615515e+04   2.646189e+04   0.000000e+00    767s
   25894    3.0607795e+04   9.174278e+04   0.000000e+00    771s
   26215    3.0594893e+04   1.201199e+04   0.000000e+00    778s
   26376    3.0587684e+04   2.431430e+04   0.000000e+00    781s
   26692    3.0573138e+04   1.851485e+04   0.000000e+00    788s
   26851    3.0565759e+04   7.491578e+04   0.000000e+00    791s
   27173    3.0555086e+04   3.276013e+04   0.000000e+00    798s
   27336    3.0549487e+04   4.993659e+04   0.000000e+00    802s
   27499    3.0542213e+04   1.812172e+04   0.000000e+00    805s
   27821    3.0530259e+04   4.912501e+04   0.000000e+00    812s
   27983    3.0524482e+04   6.644261e+03   0.000000e+00    816s
   28304    3.0511057e+04   1.180808e+04   0.000000e+00    822s
   28464    3.0504611e+04   3.758317e+03   0.000000e+00    826s
   28780    3.0494992e+04   2.112038e+04   0.000000e+00    833s
   28938    3.0489669e+04   3.529792e+04   0.000000e+00    837s
   29096    3.0485156e+04   5.296070e+03   0.000000e+00    840s
   29415    3.0475617e+04   8.357198e+04   0.000000e+00    847s
   29575    3.0470476e+04   2.671412e+03   0.000000e+00    851s
   29897    3.0460797e+04   1.304979e+04   0.000000e+00    858s
   30057    3.0456817e+04   1.440569e+05   0.000000e+00    862s
   30215    3.0452998e+04   3.311487e+04   0.000000e+00    866s
   30533    3.0444937e+04   8.745111e+03   0.000000e+00    873s
   30693    3.0441215e+04   4.210252e+04   0.000000e+00    877s
   30851    3.0437846e+04   1.161832e+04   0.000000e+00    880s
   31165    3.0428868e+04   1.127901e+04   0.000000e+00    888s
   31322    3.0424622e+04   2.147623e+04   0.000000e+00    891s
   31483    3.0419799e+04   1.983824e+04   0.000000e+00    895s
   31801    3.0410709e+04   3.203856e+04   0.000000e+00    903s
   31958    3.0406395e+04   1.556082e+04   0.000000e+00    907s
   32117    3.0402805e+04   9.718227e+04   0.000000e+00    911s
   32435    3.0393511e+04   9.567177e+03   0.000000e+00    918s
   32591    3.0390175e+04   1.816816e+04   0.000000e+00    922s
   32748    3.0385865e+04   5.036573e+03   0.000000e+00    926s
   33069    3.0379080e+04   8.148589e+03   0.000000e+00    934s
   33226    3.0375808e+04   4.755621e+03   0.000000e+00    938s
   33386    3.0372927e+04   1.657697e+04   0.000000e+00    941s
   33544    3.0370354e+04   6.429570e+03   0.000000e+00    945s
   33859    3.0364385e+04   3.564767e+04   0.000000e+00    953s
   34016    3.0361173e+04   2.744306e+04   0.000000e+00    957s
   34172    3.0357340e+04   6.336231e+03   0.000000e+00    961s
   34486    3.0350784e+04   5.234487e+04   0.000000e+00    968s
   34644    3.0346565e+04   2.466757e+05   0.000000e+00    972s
   34801    3.0343293e+04   9.447386e+03   0.000000e+00    976s
   35116    3.0335794e+04   9.233607e+03   0.000000e+00    984s
   35274    3.0333170e+04   6.066060e+03   0.000000e+00    988s
   35430    3.0330966e+04   2.728490e+04   0.000000e+00    992s
   35586    3.0328252e+04   5.147517e+03   0.000000e+00    996s
   35900    3.0322195e+04   5.148844e+03   0.000000e+00   1003s
   36058    3.0320227e+04   3.330609e+04   0.000000e+00   1007s
   36215    3.0317762e+04   3.074733e+03   0.000000e+00   1011s
   36372    3.0314752e+04   6.942441e+03   0.000000e+00   1015s
   36691    3.0309449e+04   4.556993e+03   0.000000e+00   1023s
   36847    3.0307056e+04   5.464204e+04   0.000000e+00   1027s
   37003    3.0304263e+04   8.768014e+03   0.000000e+00   1031s
   37162    3.0301919e+04   1.394981e+04   0.000000e+00   1035s
   37478    3.0297000e+04   1.523377e+04   0.000000e+00   1044s
   37638    3.0295259e+04   1.897822e+03   0.000000e+00   1048s
   37800    3.0292806e+04   9.559576e+03   0.000000e+00   1052s
   37959    3.0290584e+04   2.622757e+04   0.000000e+00   1056s
   38274    3.0286935e+04   2.630720e+04   0.000000e+00   1064s
   38433    3.0285177e+04   4.712192e+03   0.000000e+00   1068s
   38589    3.0282914e+04   2.058028e+04   0.000000e+00   1072s
   38751    3.0280385e+04   6.141464e+04   0.000000e+00   1076s
   39068    3.0276765e+04   1.415928e+04   0.000000e+00   1084s
   39224    3.0274068e+04   2.851232e+04   0.000000e+00   1088s
   39384    3.0271723e+04   4.630375e+04   0.000000e+00   1092s
   39540    3.0269297e+04   1.582324e+04   0.000000e+00   1096s
   39696    3.0267146e+04   3.006764e+04   0.000000e+00   1100s
   40010    3.0263162e+04   3.457288e+04   0.000000e+00   1108s
   40168    3.0261436e+04   1.226876e+04   0.000000e+00   1113s
   40327    3.0259539e+04   9.605608e+03   0.000000e+00   1117s
   40487    3.0257879e+04   5.409396e+03   0.000000e+00   1121s
   40798    3.0254053e+04   1.235275e+04   0.000000e+00   1129s
   40953    3.0252615e+04   3.808860e+03   0.000000e+00   1133s
   41109    3.0250891e+04   2.064551e+04   0.000000e+00   1137s
   41268    3.0249044e+04   6.929010e+03   0.000000e+00   1142s
   41428    3.0247392e+04   9.293637e+03   0.000000e+00   1146s
   41744    3.0244272e+04   7.136189e+03   0.000000e+00   1154s
   41901    3.0242800e+04   6.240093e+03   0.000000e+00   1158s
   42059    3.0241108e+04   1.612226e+04   0.000000e+00   1162s
   42216    3.0239103e+04   5.892065e+03   0.000000e+00   1166s
   42375    3.0237169e+04   5.068089e+04   0.000000e+00   1170s
   42687    3.0234594e+04   5.077648e+04   0.000000e+00   1179s
   42844    3.0233169e+04   5.860601e+03   0.000000e+00   1183s
   43001    3.0231300e+04   4.407689e+03   0.000000e+00   1187s
   43158    3.0229819e+04   1.585271e+03   0.000000e+00   1191s
   43314    3.0228462e+04   6.570525e+04   0.000000e+00   1195s
   43628    3.0225825e+04   5.864869e+03   0.000000e+00   1203s
   43786    3.0224151e+04   3.078327e+03   0.000000e+00   1207s
   43945    3.0222578e+04   3.002989e+04   0.000000e+00   1212s
   44102    3.0220743e+04   7.726573e+03   0.000000e+00   1216s
   44260    3.0219389e+04   1.074771e+04   0.000000e+00   1220s
   44576    3.0216651e+04   1.332588e+04   0.000000e+00   1229s
   44734    3.0215432e+04   7.392109e+04   0.000000e+00   1233s
   44892    3.0214500e+04   1.855611e+03   0.000000e+00   1237s
   45050    3.0213270e+04   1.323192e+04   0.000000e+00   1241s
   45208    3.0212007e+04   5.177346e+03   0.000000e+00   1246s
   45523    3.0209131e+04   1.605793e+05   0.000000e+00   1254s
   45679    3.0207859e+04   4.576473e+04   0.000000e+00   1258s
   45838    3.0206532e+04   1.408986e+05   0.000000e+00   1262s
   45998    3.0204766e+04   1.944493e+04   0.000000e+00   1267s
   46154    3.0203014e+04   4.672698e+03   0.000000e+00   1271s
   46476    3.0200563e+04   2.362041e+03   0.000000e+00   1279s
   46632    3.0198993e+04   1.392166e+04   0.000000e+00   1283s
   46789    3.0197739e+04   1.385521e+03   0.000000e+00   1288s
   46948    3.0196388e+04   3.254053e+04   0.000000e+00   1292s
   47108    3.0195302e+04   1.405262e+04   0.000000e+00   1296s
   47267    3.0194140e+04   4.448094e+03   0.000000e+00   1300s
   47581    3.0191851e+04   2.886083e+03   0.000000e+00   1309s
   47738    3.0190589e+04   3.243471e+03   0.000000e+00   1313s
   47897    3.0189580e+04   7.115819e+03   0.000000e+00   1317s
   48055    3.0188418e+04   6.870279e+03   0.000000e+00   1321s
   48211    3.0186801e+04   5.885383e+04   0.000000e+00   1325s
   48528    3.0184510e+04   1.563936e+03   0.000000e+00   1334s
   48684    3.0183420e+04   1.873604e+03   0.000000e+00   1338s
   48841    3.0182257e+04   3.137015e+04   0.000000e+00   1342s
   48999    3.0181254e+04   4.761920e+04   0.000000e+00   1346s
   49157    3.0180221e+04   2.662270e+03   0.000000e+00   1350s
   49472    3.0178054e+04   3.074788e+03   0.000000e+00   1358s
   49630    3.0176914e+04   5.808759e+03   0.000000e+00   1363s
   49791    3.0175773e+04   2.229967e+03   0.000000e+00   1367s
   49949    3.0174653e+04   2.356321e+03   0.000000e+00   1371s
   50108    3.0173633e+04   3.134232e+03   0.000000e+00   1375s
   50427    3.0171704e+04   1.250289e+03   0.000000e+00   1384s
   50584    3.0170592e+04   1.830532e+04   0.000000e+00   1388s
   50743    3.0169779e+04   2.636958e+03   0.000000e+00   1392s
   50899    3.0168726e+04   7.371692e+03   0.000000e+00   1396s
   51060    3.0167551e+04   9.279304e+03   0.000000e+00   1401s
   51374    3.0165323e+04   2.836031e+04   0.000000e+00   1409s
   51534    3.0164347e+04   5.760919e+03   0.000000e+00   1413s
   51693    3.0163109e+04   4.481376e+03   0.000000e+00   1417s
   51850    3.0161934e+04   2.111795e+04   0.000000e+00   1422s
   52006    3.0160919e+04   6.968769e+03   0.000000e+00   1426s
   52322    3.0158942e+04   7.851821e+03   0.000000e+00   1434s
   52480    3.0157922e+04   2.914299e+03   0.000000e+00   1438s
   52637    3.0157308e+04   1.769904e+03   0.000000e+00   1443s
   52796    3.0156181e+04   2.002418e+03   0.000000e+00   1447s
   52954    3.0155289e+04   2.884704e+03   0.000000e+00   1451s
   53115    3.0154347e+04   4.188100e+04   0.000000e+00   1455s
   53430    3.0152686e+04   7.452791e+03   0.000000e+00   1464s
   53589    3.0151617e+04   1.333580e+03   0.000000e+00   1468s
   53747    3.0150586e+04   2.848508e+04   0.000000e+00   1472s
   53909    3.0149852e+04   1.619786e+03   0.000000e+00   1477s
   54068    3.0148903e+04   2.229638e+04   0.000000e+00   1481s
   54224    3.0148192e+04   3.915628e+03   0.000000e+00   1485s
   54545    3.0146751e+04   7.620572e+02   0.000000e+00   1494s
   54704    3.0145850e+04   3.259747e+03   0.000000e+00   1498s
   54859    3.0145003e+04   1.308522e+03   0.000000e+00   1502s
   55016    3.0144258e+04   8.728212e+04   0.000000e+00   1506s
   55172    3.0143520e+04   1.941137e+03   0.000000e+00   1511s
   55492    3.0141964e+04   9.197220e+02   0.000000e+00   1519s
   55648    3.0141018e+04   2.796228e+04   0.000000e+00   1524s
   55805    3.0140314e+04   1.130732e+03   0.000000e+00   1528s
   55965    3.0139602e+04   5.920080e+03   0.000000e+00   1532s
   56124    3.0138837e+04   1.532238e+04   0.000000e+00   1537s
   56281    3.0137980e+04   5.838606e+03   0.000000e+00   1541s
   56438    3.0137226e+04   2.262606e+03   0.000000e+00   1545s
   56761    3.0135906e+04   5.385897e+03   0.000000e+00   1554s
   56922    3.0135035e+04   5.887846e+02   0.000000e+00   1558s
   57082    3.0134289e+04   1.106942e+03   0.000000e+00   1563s
   57239    3.0133519e+04   1.934403e+03   0.000000e+00   1567s
   57400    3.0132616e+04   8.912461e+03   0.000000e+00   1571s
   57556    3.0131698e+04   2.405963e+04   0.000000e+00   1576s
   57716    3.0130899e+04   1.477283e+03   0.000000e+00   1580s
   58030    3.0129503e+04   1.354378e+03   0.000000e+00   1589s
   58188    3.0128817e+04   1.381215e+03   0.000000e+00   1593s
   58347    3.0128222e+04   4.693418e+03   0.000000e+00   1597s
   58506    3.0127538e+04   2.764303e+03   0.000000e+00   1602s
   58664    3.0126874e+04   8.160754e+02   0.000000e+00   1606s
   58820    3.0126252e+04   7.823663e+02   0.000000e+00   1611s
   58979    3.0125630e+04   1.173505e+03   0.000000e+00   1615s
   59296    3.0124636e+04   8.107984e+03   0.000000e+00   1624s
   59452    3.0123981e+04   1.117305e+04   0.000000e+00   1628s
   59612    3.0123313e+04   1.850546e+03   0.000000e+00   1633s
   59771    3.0122634e+04   1.081205e+03   0.000000e+00   1637s
   59933    3.0121986e+04   2.419080e+04   0.000000e+00   1641s
   60091    3.0121415e+04   7.378700e+03   0.000000e+00   1646s
   60254    3.0120723e+04   4.160211e+03   0.000000e+00   1650s
   60570    3.0119469e+04   6.285128e+02   0.000000e+00   1659s
   60730    3.0118803e+04   7.344840e+02   0.000000e+00   1663s
   60892    3.0118209e+04   5.208047e+03   0.000000e+00   1668s
   61050    3.0117651e+04   1.778548e+03   0.000000e+00   1672s
   61206    3.0117158e+04   6.984412e+03   0.000000e+00   1677s
   61366    3.0116496e+04   2.445527e+03   0.000000e+00   1681s
   61526    3.0116011e+04   3.892477e+03   0.000000e+00   1686s
   61683    3.0115406e+04   3.211846e+03   0.000000e+00   1690s
   61997    3.0114248e+04   6.789227e+02   0.000000e+00   1699s
   62155    3.0113562e+04   4.542958e+02   0.000000e+00   1704s
   62314    3.0113076e+04   1.535078e+03   0.000000e+00   1708s
   62472    3.0112375e+04   1.181256e+03   0.000000e+00   1713s
   62630    3.0111786e+04   1.708840e+03   0.000000e+00   1717s
   62787    3.0111040e+04   1.000336e+03   0.000000e+00   1721s
   62946    3.0110528e+04   2.843296e+03   0.000000e+00   1726s
   63105    3.0110063e+04   3.036289e+03   0.000000e+00   1730s
   63421    3.0108980e+04   8.659385e+02   0.000000e+00   1739s
   63580    3.0108550e+04   3.624854e+02   0.000000e+00   1744s
   63738    3.0108101e+04   1.517568e+03   0.000000e+00   1748s
   63896    3.0107537e+04   4.578585e+03   0.000000e+00   1753s
   64053    3.0107161e+04   5.143349e+03   0.000000e+00   1757s
   64215    3.0106727e+04   5.866244e+03   0.000000e+00   1762s
   64373    3.0106246e+04   3.453384e+03   0.000000e+00   1766s
   64532    3.0105619e+04   3.595122e+03   0.000000e+00   1771s
   64690    3.0105087e+04   1.685032e+03   0.000000e+00   1775s
   65008    3.0104232e+04   3.677313e+03   0.000000e+00   1784s
   65167    3.0103708e+04   6.279897e+03   0.000000e+00   1789s
   65325    3.0103225e+04   2.054746e+03   0.000000e+00   1794s
   65480    3.0102849e+04   1.034681e+04   0.000000e+00   1798s

Root relaxation: time limit, 65557 iterations, 1320.37 seconds

    Nodes    |    Current Node    |     Objective Bounds      |     Work
 Expl Unexpl |  Obj  Depth IntInf | Incumbent    BestBd   Gap | It/Node Time

     0     0          -    0      20634.0000 2.1251e+08      -     - 1800s

Explored 0 nodes (65557 simplex iterations) in 1800.32 seconds
Thread count was 8 (of 8 available processors)

Solution count 1: 20634 

Time limit reached
Best objective 2.063400000000e+04, best bound 2.125135060000e+08, gap 1029819.0947%
Obj: 20634
