Welcome to the 2dKBRKGA
W H
100 100
Running for 10000 generations...
Gen: 0 Improved solution: -27648 Time: 0.007419
Gen: 5 Improved solution: -27788 Time: 0.0311
Gen: 61 Improved solution: -27833 Time: 0.229291
Gen: 91 Improved solution: -27852 Time: 0.338605
Fitness of the top 10 individuals of each population:
Population #0:
	0) -27852
	1) -27852
	2) -27852
	3) -27852
	4) -27852
	5) -27852
	6) -27852
	7) -27852
	8) -27852
	9) -27852
Population #1:
	0) -27852
	1) -27852
	2) -27852
	3) -27852
	4) -27852
	5) -27852
	6) -27852
	7) -27852
	8) -27852
	9) -27852
Population #2:
	0) -27852
	1) -27852
	2) -27852
	3) -27852
	4) -27852
	5) -27852
	6) -27852
	7) -27852
	8) -27852
	9) -27852
Time: 35.8644
Best solution found has objective value = -27852
