94
91
Academic license - for non-commercial use only
Optimize a model with 8594 rows, 102496 columns and 72071122 nonzeros
Variable types: 0 continuous, 102496 integer (102496 binary)
Coefficient statistics:
  Matrix range     [1e+00, 1e+00]
  Objective range  [2e+02, 3e+04]
  Bounds range     [1e+00, 1e+00]
  RHS range        [1e+00, 4e+00]
Found heuristic solution: objective 10224
Presolve removed 184 rows and 0 columns (presolve time = 9s) ...
Presolve removed 184 rows and 0 columns (presolve time = 10s) ...
Presolve removed 184 rows and 0 columns (presolve time = 15s) ...
Presolve removed 184 rows and 0 columns (presolve time = 23s) ...
Presolve removed 200 rows and 0 columns (presolve time = 25s) ...
Presolve removed 200 rows and 0 columns (presolve time = 32s) ...
Presolve removed 200 rows and 780 columns (presolve time = 35s) ...
Presolve removed 200 rows and 780 columns (presolve time = 43s) ...
Presolve removed 200 rows and 780 columns (presolve time = 45s) ...
Presolve removed 200 rows and 780 columns (presolve time = 52s) ...
Presolve removed 200 rows and 780 columns (presolve time = 55s) ...
Presolve removed 200 rows and 780 columns (presolve time = 63s) ...
Presolve removed 200 rows and 780 columns (presolve time = 65s) ...
Presolve removed 200 rows and 780 columns (presolve time = 84s) ...
Presolve removed 200 rows and 780 columns (presolve time = 85s) ...
Presolve removed 200 rows and 780 columns (presolve time = 90s) ...
Presolve removed 200 rows and 780 columns (presolve time = 95s) ...
Presolve removed 200 rows and 780 columns (presolve time = 100s) ...
Presolve removed 200 rows and 780 columns (presolve time = 105s) ...
Presolve removed 200 rows and 780 columns (presolve time = 110s) ...
Presolve removed 200 rows and 780 columns (presolve time = 115s) ...
Presolve removed 200 rows and 780 columns (presolve time = 120s) ...
Presolve removed 200 rows and 780 columns (presolve time = 125s) ...
Presolve removed 200 rows and 780 columns (presolve time = 130s) ...
Presolve removed 200 rows and 780 columns (presolve time = 135s) ...
Presolve removed 200 rows and 780 columns (presolve time = 140s) ...
Presolve removed 200 rows and 780 columns (presolve time = 145s) ...
Presolve removed 200 rows and 780 columns (presolve time = 150s) ...
Presolve removed 200 rows and 780 columns (presolve time = 155s) ...
Presolve removed 200 rows and 780 columns (presolve time = 160s) ...
Presolve removed 200 rows and 780 columns (presolve time = 165s) ...
Presolve removed 200 rows and 780 columns (presolve time = 170s) ...
Presolve removed 200 rows and 780 columns (presolve time = 175s) ...
Presolve removed 200 rows and 780 columns (presolve time = 180s) ...
Presolve removed 200 rows and 780 columns (presolve time = 185s) ...
Presolve removed 200 rows and 780 columns (presolve time = 190s) ...
Presolve removed 200 rows and 780 columns (presolve time = 195s) ...
Presolve removed 200 rows and 780 columns (presolve time = 200s) ...
Presolve removed 200 rows and 780 columns (presolve time = 205s) ...
Presolve removed 200 rows and 780 columns (presolve time = 210s) ...
Presolve removed 200 rows and 780 columns (presolve time = 216s) ...
Presolve removed 200 rows and 780 columns (presolve time = 220s) ...
Presolve removed 200 rows and 780 columns (presolve time = 225s) ...
Presolve removed 200 rows and 780 columns (presolve time = 230s) ...
Presolve removed 200 rows and 780 columns (presolve time = 235s) ...
Presolve removed 200 rows and 780 columns (presolve time = 240s) ...
Presolve removed 200 rows and 780 columns (presolve time = 245s) ...
Presolve removed 200 rows and 780 columns (presolve time = 250s) ...
Presolve removed 200 rows and 780 columns (presolve time = 255s) ...
Presolve removed 200 rows and 780 columns (presolve time = 260s) ...
Presolve removed 200 rows and 780 columns (presolve time = 265s) ...
Presolve removed 200 rows and 780 columns (presolve time = 270s) ...
Presolve removed 200 rows and 780 columns (presolve time = 275s) ...
Presolve removed 200 rows and 780 columns (presolve time = 280s) ...
Presolve removed 200 rows and 780 columns (presolve time = 285s) ...
Presolve removed 200 rows and 780 columns (presolve time = 290s) ...
Presolve removed 200 rows and 780 columns (presolve time = 295s) ...
Presolve removed 200 rows and 780 columns (presolve time = 300s) ...
Presolve removed 200 rows and 780 columns (presolve time = 305s) ...
Presolve removed 200 rows and 780 columns (presolve time = 310s) ...
Presolve removed 200 rows and 780 columns (presolve time = 315s) ...
Presolve removed 200 rows and 780 columns (presolve time = 320s) ...
Presolve removed 200 rows and 780 columns (presolve time = 325s) ...
Presolve removed 200 rows and 780 columns (presolve time = 330s) ...
Presolve removed 200 rows and 780 columns (presolve time = 335s) ...
Presolve removed 200 rows and 780 columns (presolve time = 340s) ...
Presolve removed 200 rows and 780 columns (presolve time = 345s) ...
Presolve removed 200 rows and 780 columns (presolve time = 350s) ...
Presolve removed 200 rows and 780 columns (presolve time = 355s) ...
Presolve removed 200 rows and 780 columns (presolve time = 360s) ...
Presolve removed 200 rows and 780 columns (presolve time = 365s) ...
Presolve removed 200 rows and 780 columns (presolve time = 370s) ...
Presolve removed 200 rows and 780 columns (presolve time = 376s) ...
Presolve removed 200 rows and 780 columns
Presolve time: 376.00s
Presolved: 8394 rows, 101716 columns, 69635148 nonzeros
Variable types: 0 continuous, 101716 integer (101716 binary)

Root simplex log...

Iteration    Objective       Primal Inf.    Dual Inf.      Time
       0    3.8087481e+07   1.722816e+07   0.000000e+00    382s
    2725    5.6750770e+04   2.572907e+05   0.000000e+00    385s
    4837    4.7030218e+04   7.778787e+04   0.000000e+00    391s
    5962    4.4457250e+04   2.008713e+04   0.000000e+00    395s
    7017    4.2365299e+04   1.018703e+05   0.000000e+00    400s
    8004    4.0377162e+04   7.108805e+05   0.000000e+00    405s
    8825    3.9178328e+04   1.023791e+06   0.000000e+00    410s
    9798    3.7627455e+04   6.672525e+04   0.000000e+00    416s
   10442    3.6512865e+04   5.268602e+05   0.000000e+00    420s
   11237    3.5346145e+04   1.082229e+05   0.000000e+00    426s
   11874    3.4586061e+04   1.740051e+05   0.000000e+00    430s
   12498    3.3892325e+04   1.900483e+04   0.000000e+00    435s
   13115    3.3385701e+04   3.710796e+04   0.000000e+00    441s
   13736    3.2997466e+04   5.481232e+04   0.000000e+00    446s
   14193    3.2745208e+04   2.448817e+05   0.000000e+00    451s
   14652    3.2528582e+04   2.697879e+04   0.000000e+00    456s
   15114    3.2337336e+04   1.221829e+04   0.000000e+00    460s
   15572    3.2216189e+04   3.160236e+05   0.000000e+00    466s
   16032    3.2070170e+04   1.854845e+05   0.000000e+00    471s
   16492    3.1964257e+04   2.550281e+05   0.000000e+00    476s
   16946    3.1839560e+04   3.622550e+04   0.000000e+00    481s
   17250    3.1779815e+04   9.393608e+03   0.000000e+00    485s
   17703    3.1681365e+04   5.084726e+05   0.000000e+00    491s
   18151    3.1597851e+04   8.413220e+04   0.000000e+00    497s
   18449    3.1550031e+04   4.001307e+04   0.000000e+00    501s
   18900    3.1477843e+04   1.501115e+05   0.000000e+00    507s
   19196    3.1435025e+04   1.838769e+05   0.000000e+00    511s
   19644    3.1374902e+04   9.238872e+03   0.000000e+00    517s
   19944    3.1328140e+04   5.404581e+04   0.000000e+00    521s
   20243    3.1293728e+04   3.364440e+04   0.000000e+00    525s
   20692    3.1241679e+04   3.735416e+05   0.000000e+00    532s
   20992    3.1213605e+04   5.385750e+04   0.000000e+00    536s
   21291    3.1181114e+04   2.573078e+05   0.000000e+00    541s
   21588    3.1153741e+04   1.555719e+04   0.000000e+00    546s
   21885    3.1127765e+04   3.965816e+04   0.000000e+00    550s
   22332    3.1078622e+04   6.377216e+04   0.000000e+00    557s
   22631    3.1050926e+04   1.468233e+04   0.000000e+00    562s
   22926    3.1024962e+04   5.602587e+04   0.000000e+00    567s
   23221    3.1001783e+04   2.430565e+04   0.000000e+00    571s
   23517    3.0980608e+04   3.829290e+04   0.000000e+00    576s
   23811    3.0957177e+04   2.057255e+05   0.000000e+00    581s
   24105    3.0933355e+04   9.001687e+03   0.000000e+00    586s
   24399    3.0908670e+04   1.135684e+05   0.000000e+00    591s
   24690    3.0887040e+04   7.531554e+03   0.000000e+00    596s
   24985    3.0868570e+04   7.991910e+04   0.000000e+00    601s
   25279    3.0850036e+04   2.053878e+04   0.000000e+00    606s
   25575    3.0833497e+04   5.222067e+03   0.000000e+00    612s
   25870    3.0814403e+04   9.665029e+04   0.000000e+00    617s
   26164    3.0799361e+04   3.741995e+04   0.000000e+00    622s
   26457    3.0786005e+04   3.523887e+04   0.000000e+00    628s
   26602    3.0778204e+04   1.716467e+04   0.000000e+00    630s
   26895    3.0767993e+04   5.622197e+03   0.000000e+00    636s
   27186    3.0754828e+04   1.318941e+04   0.000000e+00    641s
   27478    3.0739424e+04   1.237381e+04   0.000000e+00    647s
   27770    3.0726279e+04   1.259884e+06   0.000000e+00    653s
   27915    3.0720391e+04   2.424047e+04   0.000000e+00    655s
   28209    3.0709225e+04   2.506696e+04   0.000000e+00    661s
   28501    3.0700185e+04   3.689907e+04   0.000000e+00    667s
   28791    3.0687885e+04   1.699465e+04   0.000000e+00    672s
   28937    3.0682499e+04   5.445768e+03   0.000000e+00    675s
   29225    3.0670101e+04   1.166225e+04   0.000000e+00    681s
   29515    3.0658538e+04   1.561740e+04   0.000000e+00    687s
   29809    3.0647783e+04   8.812242e+03   0.000000e+00    692s
   29954    3.0644436e+04   1.808291e+05   0.000000e+00    695s
   30245    3.0633440e+04   1.024517e+05   0.000000e+00    701s
   30536    3.0623160e+04   1.759864e+04   0.000000e+00    707s
   30682    3.0617977e+04   4.551031e+04   0.000000e+00    710s
   30973    3.0609162e+04   7.982625e+03   0.000000e+00    716s
   31262    3.0601030e+04   5.766704e+03   0.000000e+00    722s
   31553    3.0592516e+04   3.418266e+03   0.000000e+00    728s
   31699    3.0587942e+04   9.404620e+03   0.000000e+00    731s
   31988    3.0578298e+04   5.822908e+04   0.000000e+00    737s
   32279    3.0570324e+04   1.542732e+04   0.000000e+00    743s
   32424    3.0566320e+04   4.058956e+04   0.000000e+00    746s
   32715    3.0559123e+04   6.956880e+03   0.000000e+00    752s
   33004    3.0552224e+04   1.324291e+05   0.000000e+00    758s
   33148    3.0549136e+04   4.762398e+04   0.000000e+00    761s
   33438    3.0542525e+04   7.265495e+03   0.000000e+00    767s
   33585    3.0538183e+04   7.324135e+03   0.000000e+00    770s
   33875    3.0530964e+04   3.411985e+04   0.000000e+00    776s
   34168    3.0523248e+04   1.757468e+03   0.000000e+00    783s
   34315    3.0520870e+04   6.745569e+05   0.000000e+00    786s
   34604    3.0515835e+04   6.119766e+03   0.000000e+00    792s
   34896    3.0509774e+04   9.707893e+03   0.000000e+00    798s
   35043    3.0506223e+04   4.107143e+04   0.000000e+00    801s
   35331    3.0500565e+04   3.414283e+04   0.000000e+00    807s
   35475    3.0497665e+04   3.291178e+04   0.000000e+00    810s
   35766    3.0492561e+04   2.061475e+04   0.000000e+00    817s
   36057    3.0486655e+04   7.736938e+03   0.000000e+00    823s
   36201    3.0484196e+04   1.230049e+04   0.000000e+00    826s
   36488    3.0476868e+04   2.508617e+05   0.000000e+00    833s
   36635    3.0474078e+04   4.110022e+04   0.000000e+00    836s
   36926    3.0467332e+04   4.140362e+05   0.000000e+00    842s
   37070    3.0464349e+04   4.236399e+04   0.000000e+00    845s
   37361    3.0457735e+04   1.916549e+04   0.000000e+00    852s
   37652    3.0452127e+04   5.278060e+04   0.000000e+00    858s
   37797    3.0449498e+04   3.217192e+04   0.000000e+00    861s
   38087    3.0443569e+04   4.990852e+04   0.000000e+00    868s
   38233    3.0440460e+04   6.311880e+04   0.000000e+00    871s
   38524    3.0433778e+04   3.464264e+04   0.000000e+00    878s
   38669    3.0430616e+04   9.402725e+03   0.000000e+00    881s
   38959    3.0425744e+04   1.922199e+04   0.000000e+00    888s
   39104    3.0422713e+04   1.348482e+04   0.000000e+00    891s
   39399    3.0418515e+04   1.460376e+05   0.000000e+00    898s
   39545    3.0415903e+04   4.349753e+03   0.000000e+00    901s
   39836    3.0411168e+04   2.922352e+03   0.000000e+00    908s
   39981    3.0408347e+04   5.199553e+04   0.000000e+00    911s
   40272    3.0403940e+04   7.955575e+03   0.000000e+00    918s
   40419    3.0401294e+04   3.396343e+04   0.000000e+00    921s
   40708    3.0396938e+04   1.973682e+04   0.000000e+00    928s
   40850    3.0394801e+04   9.129369e+04   0.000000e+00    931s
   41140    3.0389987e+04   5.308460e+04   0.000000e+00    938s
   41283    3.0388337e+04   1.230670e+03   0.000000e+00    942s
   41431    3.0386336e+04   6.951605e+03   0.000000e+00    945s
   41722    3.0382010e+04   4.216303e+04   0.000000e+00    952s
   41865    3.0379783e+04   4.158654e+03   0.000000e+00    955s
   42152    3.0375792e+04   2.861145e+03   0.000000e+00    962s
   42297    3.0373527e+04   2.695966e+04   0.000000e+00    966s
   42587    3.0369405e+04   1.965871e+03   0.000000e+00    972s
   42733    3.0367429e+04   1.397818e+04   0.000000e+00    976s
   43022    3.0363575e+04   2.369610e+03   0.000000e+00    983s
   43166    3.0361786e+04   1.437986e+04   0.000000e+00    986s
   43455    3.0357807e+04   1.715781e+04   0.000000e+00    993s
   43599    3.0355936e+04   8.084245e+04   0.000000e+00    997s
   43745    3.0353699e+04   1.428168e+04   0.000000e+00   1000s
   44033    3.0350079e+04   5.351930e+03   0.000000e+00   1007s
   44178    3.0348275e+04   3.642262e+03   0.000000e+00   1011s
   44468    3.0345416e+04   1.231048e+04   0.000000e+00   1018s
   44610    3.0343805e+04   3.068250e+04   0.000000e+00   1021s
   44898    3.0340479e+04   7.015360e+03   0.000000e+00   1028s
   45041    3.0339312e+04   4.470979e+04   0.000000e+00   1032s
   45186    3.0337809e+04   2.048346e+04   0.000000e+00   1035s
   45477    3.0334665e+04   2.837824e+04   0.000000e+00   1043s
   45622    3.0333203e+04   3.569205e+04   0.000000e+00   1046s
   45909    3.0330093e+04   3.608577e+03   0.000000e+00   1053s
   46052    3.0328714e+04   1.714855e+03   0.000000e+00   1057s
   46197    3.0326653e+04   5.962782e+03   0.000000e+00   1060s
   46488    3.0323066e+04   8.246857e+02   0.000000e+00   1068s
   46634    3.0321134e+04   2.981738e+04   0.000000e+00   1071s
   46924    3.0317882e+04   4.432875e+04   0.000000e+00   1078s
   47069    3.0315971e+04   3.567034e+03   0.000000e+00   1082s
   47212    3.0314339e+04   1.124106e+05   0.000000e+00   1085s
   47499    3.0311261e+04   2.449260e+03   0.000000e+00   1093s
   47644    3.0309676e+04   3.526660e+03   0.000000e+00   1096s
   47934    3.0307225e+04   5.588574e+04   0.000000e+00   1104s
   48079    3.0305698e+04   4.608131e+04   0.000000e+00   1107s
   48223    3.0304434e+04   1.233649e+04   0.000000e+00   1111s
   48512    3.0301725e+04   2.667155e+03   0.000000e+00   1118s
   48656    3.0300382e+04   5.019361e+03   0.000000e+00   1122s
   48799    3.0299261e+04   7.866532e+03   0.000000e+00   1125s
   49087    3.0296480e+04   1.706212e+04   0.000000e+00   1132s
   49230    3.0295737e+04   1.136185e+04   0.000000e+00   1136s
   49519    3.0293338e+04   2.363233e+04   0.000000e+00   1143s
   49663    3.0291909e+04   2.363428e+04   0.000000e+00   1147s
   49807    3.0290574e+04   1.704777e+03   0.000000e+00   1151s
   50096    3.0287944e+04   9.844711e+03   0.000000e+00   1158s
   50240    3.0286456e+04   2.719097e+04   0.000000e+00   1162s
   50383    3.0285189e+04   3.858248e+03   0.000000e+00   1165s
   50676    3.0282103e+04   4.611856e+04   0.000000e+00   1173s
   50820    3.0280876e+04   1.645087e+04   0.000000e+00   1177s
   50965    3.0279616e+04   2.561258e+04   0.000000e+00   1180s
   51253    3.0277034e+04   3.695210e+03   0.000000e+00   1188s
   51397    3.0275609e+04   7.257832e+03   0.000000e+00   1192s
   51539    3.0274271e+04   4.509944e+04   0.000000e+00   1196s
   51828    3.0271966e+04   1.181927e+04   0.000000e+00   1203s
   51971    3.0270605e+04   5.598926e+03   0.000000e+00   1207s
   52112    3.0269417e+04   2.239709e+03   0.000000e+00   1211s
   52396    3.0266868e+04   1.858152e+04   0.000000e+00   1219s
   52539    3.0265618e+04   5.917319e+03   0.000000e+00   1222s
   52683    3.0264628e+04   4.532623e+03   0.000000e+00   1226s
   52826    3.0263483e+04   3.850593e+03   0.000000e+00   1230s
   53115    3.0261425e+04   3.782536e+03   0.000000e+00   1238s
   53259    3.0260497e+04   2.615044e+04   0.000000e+00   1242s
   53403    3.0259258e+04   4.019546e+03   0.000000e+00   1245s
   53692    3.0256871e+04   3.415803e+03   0.000000e+00   1253s
   53836    3.0255678e+04   4.444634e+03   0.000000e+00   1257s
   53979    3.0254634e+04   3.533930e+04   0.000000e+00   1261s
   54265    3.0252833e+04   4.609698e+03   0.000000e+00   1268s
   54408    3.0251770e+04   5.405641e+03   0.000000e+00   1272s
   54551    3.0250817e+04   5.655970e+03   0.000000e+00   1276s
   54838    3.0248883e+04   1.354022e+05   0.000000e+00   1284s
   54980    3.0247896e+04   6.992740e+03   0.000000e+00   1288s
   55125    3.0246715e+04   8.675967e+03   0.000000e+00   1291s
   55270    3.0245740e+04   5.483789e+03   0.000000e+00   1295s
   55555    3.0244240e+04   1.822157e+03   0.000000e+00   1303s
   55698    3.0243585e+04   2.553307e+03   0.000000e+00   1307s
   55840    3.0242659e+04   2.359816e+03   0.000000e+00   1310s
   56124    3.0240855e+04   6.348908e+04   0.000000e+00   1318s
   56268    3.0239705e+04   1.334460e+03   0.000000e+00   1322s
   56410    3.0238832e+04   3.402587e+03   0.000000e+00   1326s
   56556    3.0238065e+04   1.697499e+04   0.000000e+00   1330s
   56840    3.0236331e+04   4.131698e+03   0.000000e+00   1338s
   56981    3.0235593e+04   2.113917e+03   0.000000e+00   1342s
   57124    3.0234622e+04   1.427100e+04   0.000000e+00   1346s
   57413    3.0233014e+04   1.094559e+04   0.000000e+00   1354s
   57555    3.0232263e+04   9.935710e+03   0.000000e+00   1358s
   57697    3.0231345e+04   9.388478e+03   0.000000e+00   1361s
   57840    3.0230644e+04   1.777145e+03   0.000000e+00   1365s
   58127    3.0228889e+04   6.724489e+03   0.000000e+00   1373s
   58271    3.0228214e+04   7.666939e+03   0.000000e+00   1377s
   58414    3.0227544e+04   5.829738e+04   0.000000e+00   1381s
   58702    3.0225985e+04   8.912238e+03   0.000000e+00   1389s
   58843    3.0225115e+04   1.918907e+03   0.000000e+00   1393s
   58985    3.0224319e+04   8.935224e+02   0.000000e+00   1397s
   59127    3.0223524e+04   1.567385e+04   0.000000e+00   1401s
   59413    3.0221982e+04   5.782786e+03   0.000000e+00   1409s
   59555    3.0221415e+04   3.277394e+04   0.000000e+00   1413s
   59698    3.0220795e+04   5.207887e+03   0.000000e+00   1417s
   59841    3.0220053e+04   9.173404e+03   0.000000e+00   1421s
   60129    3.0218588e+04   1.326510e+03   0.000000e+00   1429s
   60273    3.0218003e+04   1.576418e+04   0.000000e+00   1433s
   60418    3.0217317e+04   2.783045e+04   0.000000e+00   1437s
   60559    3.0216722e+04   5.513172e+03   0.000000e+00   1440s
   60847    3.0215369e+04   1.555424e+04   0.000000e+00   1448s
   60989    3.0214869e+04   2.475571e+04   0.000000e+00   1452s
   61135    3.0214038e+04   6.574582e+03   0.000000e+00   1456s
   61278    3.0213411e+04   6.060717e+03   0.000000e+00   1460s
   61566    3.0212040e+04   2.142479e+04   0.000000e+00   1468s
   61709    3.0211314e+04   7.472297e+03   0.000000e+00   1472s
   61853    3.0210603e+04   4.709480e+03   0.000000e+00   1477s
   61995    3.0209867e+04   2.270628e+04   0.000000e+00   1480s
   62284    3.0208601e+04   1.256070e+04   0.000000e+00   1489s
   62430    3.0207810e+04   7.099214e+03   0.000000e+00   1493s
   62573    3.0207175e+04   7.305282e+02   0.000000e+00   1497s
   62715    3.0206589e+04   1.726138e+03   0.000000e+00   1501s
   63001    3.0205022e+04   3.087923e+04   0.000000e+00   1509s
   63144    3.0204357e+04   1.290050e+04   0.000000e+00   1513s
   63288    3.0203634e+04   3.459110e+04   0.000000e+00   1517s
   63431    3.0203030e+04   5.291386e+03   0.000000e+00   1521s
   63574    3.0202264e+04   5.001786e+03   0.000000e+00   1525s
   63862    3.0200985e+04   2.489802e+03   0.000000e+00   1534s
   64005    3.0200433e+04   2.706324e+03   0.000000e+00   1538s
   64149    3.0199757e+04   1.298716e+04   0.000000e+00   1542s
   64292    3.0198999e+04   1.726576e+03   0.000000e+00   1546s
   64579    3.0197644e+04   1.317008e+04   0.000000e+00   1554s
   64723    3.0197100e+04   7.443948e+03   0.000000e+00   1558s
   64865    3.0196493e+04   5.178010e+03   0.000000e+00   1562s
   65008    3.0195831e+04   1.529159e+03   0.000000e+00   1566s
   65150    3.0195173e+04   1.421360e+04   0.000000e+00   1570s
   65435    3.0194025e+04   2.945080e+03   0.000000e+00   1578s
   65576    3.0193544e+04   2.621329e+03   0.000000e+00   1583s
   65718    3.0192728e+04   3.771489e+03   0.000000e+00   1587s
   65859    3.0192113e+04   3.402455e+03   0.000000e+00   1591s
   66143    3.0190747e+04   9.684719e+03   0.000000e+00   1599s
   66287    3.0190125e+04   4.601562e+03   0.000000e+00   1603s
   66428    3.0189464e+04   1.047918e+04   0.000000e+00   1607s
   66570    3.0188877e+04   9.614857e+03   0.000000e+00   1612s
   66713    3.0188258e+04   8.510374e+03   0.000000e+00   1616s
   66853    3.0187742e+04   4.675127e+03   0.000000e+00   1620s
   67139    3.0186634e+04   1.570069e+04   0.000000e+00   1628s
   67284    3.0186086e+04   4.199018e+03   0.000000e+00   1633s
   67430    3.0185547e+04   6.488262e+03   0.000000e+00   1637s
   67574    3.0185004e+04   1.442439e+03   0.000000e+00   1641s
   67716    3.0184464e+04   2.563349e+03   0.000000e+00   1645s
   68002    3.0183214e+04   7.706528e+03   0.000000e+00   1654s
   68145    3.0182706e+04   7.843381e+03   0.000000e+00   1658s
   68290    3.0182042e+04   5.563807e+04   0.000000e+00   1662s
   68434    3.0181373e+04   2.055714e+03   0.000000e+00   1666s
   68576    3.0180762e+04   4.954016e+03   0.000000e+00   1670s
   68866    3.0179556e+04   9.159769e+02   0.000000e+00   1679s
   69008    3.0179001e+04   5.151723e+03   0.000000e+00   1683s
   69150    3.0178360e+04   1.315614e+04   0.000000e+00   1687s
   69292    3.0177879e+04   1.469923e+04   0.000000e+00   1691s
   69434    3.0177328e+04   9.397711e+03   0.000000e+00   1696s
   69722    3.0176054e+04   1.706922e+03   0.000000e+00   1704s
   69868    3.0175477e+04   5.652422e+03   0.000000e+00   1708s
   70013    3.0174877e+04   2.745722e+03   0.000000e+00   1713s
   70156    3.0174299e+04   2.675025e+03   0.000000e+00   1717s
   70297    3.0173737e+04   1.609961e+04   0.000000e+00   1721s
   70437    3.0173227e+04   1.112331e+04   0.000000e+00   1725s
   70721    3.0172291e+04   2.570691e+03   0.000000e+00   1734s
   70864    3.0171890e+04   1.014510e+04   0.000000e+00   1738s
   71007    3.0171231e+04   3.598259e+03   0.000000e+00   1742s
   71149    3.0170706e+04   5.943092e+03   0.000000e+00   1746s
   71289    3.0170176e+04   1.205650e+04   0.000000e+00   1750s
   71578    3.0169204e+04   2.930706e+04   0.000000e+00   1759s
   71720    3.0168748e+04   1.391924e+04   0.000000e+00   1763s
   71862    3.0168235e+04   2.364589e+04   0.000000e+00   1767s
   72006    3.0167841e+04   1.072892e+03   0.000000e+00   1771s
   72147    3.0167349e+04   2.815744e+03   0.000000e+00   1776s
   72432    3.0166388e+04   1.096436e+03   0.000000e+00   1784s
   72575    3.0165948e+04   3.827627e+03   0.000000e+00   1788s
   72716    3.0165441e+04   6.968710e+03   0.000000e+00   1792s
   72859    3.0165021e+04   6.896293e+03   0.000000e+00   1797s

Root relaxation: time limit, 72977 iterations, 1420.05 seconds

    Nodes    |    Current Node    |     Objective Bounds      |     Work
 Expl Unexpl |  Obj  Depth IntInf | Incumbent    BestBd   Gap | It/Node Time

     0     0          -    0      10224.0000 1.3608e+08      -     - 1800s

Explored 0 nodes (72977 simplex iterations) in 1800.20 seconds
Thread count was 8 (of 8 available processors)

Solution count 1: 10224 

Time limit reached
Best objective 1.022400000000e+04, best bound 1.360789520000e+08, gap 1330875.6651%
Obj: 10224
