Welcome to the 2dKBRKGA
W H
100 100
Running for 10000 generations...
Gen: 0 Improved solution: -29190 Time: 0.037086
Gen: 2 Improved solution: -29412 Time: 0.085796
Gen: 5 Improved solution: -29610 Time: 0.148886
Fitness of the top 10 individuals of each population:
Population #0:
	0) -29610
	1) -29610
	2) -29610
	3) -29610
	4) -29610
	5) -29610
	6) -29610
	7) -29610
	8) -29610
	9) -29610
Population #1:
	0) -29610
	1) -29610
	2) -29610
	3) -29610
	4) -29610
	5) -29610
	6) -29610
	7) -29610
	8) -29610
	9) -29610
Population #2:
	0) -29610
	1) -29610
	2) -29610
	3) -29610
	4) -29610
	5) -29610
	6) -29610
	7) -29610
	8) -29610
	9) -29610
Time: 188.774
Best solution found has objective value = -29610
