Welcome to the 2dKBRKGA
W H
250 250
Running for 10000 generations...
Gen: 0 Improved solution: -60265 Time: 0.013861
Gen: 17 Improved solution: -60504 Time: 0.154151
Gen: 61 Improved solution: -60942 Time: 0.469852
Gen: 595 Improved solution: -61305 Time: 4.19862
Fitness of the top 10 individuals of each population:
Population #0:
	0) -61305
	1) -61305
	2) -61305
	3) -61305
	4) -61305
	5) -61305
	6) -61305
	7) -61305
	8) -61305
	9) -61305
Population #1:
	0) -61305
	1) -61305
	2) -61305
	3) -61305
	4) -61305
	5) -61305
	6) -61305
	7) -61305
	8) -61305
	9) -61305
Population #2:
	0) -61305
	1) -61305
	2) -61305
	3) -61305
	4) -61305
	5) -61305
	6) -61305
	7) -61305
	8) -61305
	9) -61305
Time: 71.1419
Best solution found has objective value = -61305
