0.018981
0.275725
0.239545
0.238574
0.320515
0.243315
0.234719
0.234703
0.234515
0.234033
0.049614
0.050281
0.080282
0.072326
0.06657
0.060631
0.058336
0.0539
0.049765
0.049651
0.049705
0.049969
0.049705
0.049734
0.049654
0.049647
0.049691
0.049767
0.049614
0.049858
0.049717
0.049673
0.049686
0.049858
0.049683
0.049656
0.050226
0.049756
0.04988
0.049838
0.04992
0.049695
0.049784
0.04968
0.049721
0.04988
0.049703
0.049717
0.049703
0.049894
0.049767
0.049771
0.050263
0.049719
0.049725
0.051817
0.049649
0.049623
0.04963
0.049624
0.049792
0.050185
0.050325
0.050306
0.049697
0.049681
0.049778
0.049695
0.049677
0.049692
0.049717
0.049739
0.049672
0.049896
0.049682
0.049626
0.049688
0.049727
0.096308
0.096345
0.096341
0.096307
0.096468
0.096306
0.096324
0.096407
0.096335
0.096378
0.096443
0.096382
0.096321
0.096285
0.136226
0.115882
0.097959
0.096302
0.096375
0.096406
0.096311
0.096556
0.096342
0.097258
0.096424
0.096471
0.096868
0.106513
0.096442
0.096341
0.096872
0.096473
0.09667
0.09633
0.107456
0.096294
0.096297
0.101826
0.101886
0.02974
0.028004
0.028368
0.028085
0.028039
0.028522
0.028016
0.028041
0.027944
0.027929
0.027972
0.028009
0.028011
0.027993
0.028031
0.027989
0.027998
0.027976
0.028584
0.028002
0.028661
0.028042
0.028032
0.028025
0.028017
0.028046
0.028012
0.027972
0.028556
0.028037
0.027997
0.028509
0.027973
0.028591
0.028013
0.027995
0.027957
0.028033
0.027994
0.028001
0.02798
0.028018
0.027999
0.028083
0.027997
0.02818
0.028544
0.027992
0.028027
0.028038
0.028181
0.02807
0.028522
0.028014
0.027989
0.028127
0.028173
0.028078
0.028088
0.028747
0.027953
0.028008
0.029855
0.028055
0.028057
0.028012
0.028004
0.028055
0.02804
0.028034
0.02844
0.028454
0.028068
0.0281
0.028021
0.028008
0.027995
0.028009
0.028034
0.027982
0.028042
0.028054
0.027982
0.028003
