22.1483
9.63474
56.5052
150.487
37.8874
12.5509
106.315
59.0409
47.9193
114.891
3.90426
48.991
23.0251
24.4541
54.4599
71.6415
5.64284
4.11815
53.2233
23.0221
37.2171
6.11849
15.1022
42.0855
235.03
19.4407
15.9861
57.7447
96.9716
20.5139
7.31706
14.0233
2.05937
150.305
61.4237
12.7449
110.068
128.123
17.3625
70.0027
69.6311
7.68985
17.9893
158.544
14.8553
3.94044
36.1698
59.931
151.009
36.8321
88.773
14.0261
56.5419
194.376
12.2117
148.353
7.3289
64.8986
56.1192
11.9351
102.626
94.3504
98.1236
4.47304
59.2587
55.2547
4.9075
13.3498
74.5205
51.5415
219.667
61.2471
40.4177
29.8466
156.93
15.5996
10.7311
136.293
16.1829
68.8696
58.9195
11.6641
116.386
208.465
60.1871
44.7739
1.53168
71.5403
4.33713
54.3702
179.258
161.291
123.492
80.9001
21.633
106.273
16.0686
36.5092
50.2993
29.0578
74.5752
19.2877
105.842
95.0474
63.1875
55.483
13.1023
64.9756
12.3018
32.2616
132.208
6.34956
3.44624
10.1833
7.39677
6.99703
23.4795
49.0427
53.6748
59.7294
97.4826
207.697
201.393
4.3161
12.9611
59.5126
16.8827
184.958
13.3822
70.1518
203.502
12.5627
21.8072
14.3622
12.2384
13.4363
2.7471
5.33385
4.66265
9.66139
61.8705
17.1361
10.4968
34.8857
64.5947
173.805
55.33
65.7234
58.5991
7.56039
17.629
58.9661
53.052
31.0336
2.3897
6.57884
28.493
282.972
5.53531
100.258
7.78739
54.1074
12.7861
15.4252
12.5378
13.0271
156.682
14.5478
56.9688
67.4754
97.5335
76.0792
145.054
3.36296
137.527
146.002
58.9861
18.0511
107.044
113.591
17.781
10.354
51.65
113.11
98.7284
10.9619
110.112
13.017
15.4781
30.757
58.112
9.63615
12.8021
63.8473
9.68293
20.4263
12.7211
17.1363
126.108
7.53004
