0.282031
0.199916
0.16201
0.15367
0.155634
0.15708
0.152514
0.152753
0.152621
0.178878
0.152463
0.15576
0.156501
0.211838
0.209405
0.211786
0.246496
0.211173
0.210832
0.209145
0.209311
0.208896
0.209118
0.216791
0.212078
0.209199
0.209746
0.215975
0.184504
0.184489
0.183135
0.182742
0.182798
0.182951
0.214345
0.182965
0.182886
0.182765
0.183354
0.182652
0.185204
0.184192
0.154852
0.154886
0.15368
0.15543
0.155599
0.154594
0.153006
0.153102
0.153402
0.153065
0.153054
0.152748
0.152918
0.154824
0.153102
0.153161
0.152978
0.153146
0.154547
0.153038
0.044642
0.051024
0.045185
0.044641
0.04466
0.044696
0.04645
0.044704
0.044776
0.044646
0.044624
0.045296
0.044767
0.044632
0.04472
0.044721
0.044722
0.045021
0.044695
0.046263
0.044832
0.044677
0.046508
0.045178
0.044763
0.044768
0.046466
0.044764
0.044885
0.046369
0.044694
0.044674
0.044573
0.044721
0.044663
0.044528
0.044651
0.044658
0.046498
0.044747
0.04466
0.044733
0.045156
0.044679
0.044807
0.044691
0.046259
0.045069
0.044683
0.044694
0.046443
0.044678
0.04462
0.044666
0.044615
0.046365
0.044776
0.044743
0.044686
0.044691
0.045777
0.04479
0.044792
0.044744
0.044727
0.046316
0.044683
0.046427
0.04472
0.044616
0.04474
0.124884
0.125578
0.123218
0.123298
0.123262
0.123129
0.123345
0.123265
0.132883
0.135153
0.135068
0.12326
0.143242
0.12524
0.123618
0.123624
0.123155
0.123568
0.123255
0.129621
0.125843
0.125341
0.123524
0.123586
0.125376
0.044613
0.045817
0.046191
0.044983
0.044645
0.044679
0.044626
0.044596
0.04461
0.04469
0.046237
0.046041
0.044705
0.044601
0.044738
0.044799
0.045413
0.044598
0.044604
0.044678
0.044679
0.044656
0.046299
0.044676
0.04617
0.044676
0.04456
0.046351
0.044644
0.04464
0.046332
0.045114
0.044712
0.044588
0.044539
0.04467
0.044611
0.044623
0.044583
0.044638
0.045276
0.046371
