98
92
Academic license - for non-commercial use only
Optimize a model with 9056 rows, 76643 columns and 69525816 nonzeros
Variable types: 0 continuous, 76643 integer (76643 binary)
Coefficient statistics:
  Matrix range     [1e+00, 1e+00]
  Objective range  [7e+01, 2e+04]
  Bounds range     [1e+00, 1e+00]
  RHS range        [1e+00, 1e+00]
Found heuristic solution: objective 11362
Presolve removed 190 rows and 0 columns (presolve time = 10s) ...
Presolve removed 190 rows and 1 columns (presolve time = 10s) ...
Presolve removed 190 rows and 51 columns (presolve time = 15s) ...
Presolve removed 190 rows and 55 columns (presolve time = 20s) ...
Presolve removed 190 rows and 55 columns (presolve time = 29s) ...
Presolve removed 190 rows and 55 columns (presolve time = 31s) ...
Presolve removed 190 rows and 55 columns (presolve time = 37s) ...
Presolve removed 190 rows and 55 columns (presolve time = 40s) ...
Presolve removed 190 rows and 55 columns (presolve time = 49s) ...
Presolve removed 190 rows and 55 columns (presolve time = 51s) ...
Presolve removed 190 rows and 55 columns (presolve time = 72s) ...
Presolve removed 190 rows and 55 columns (presolve time = 75s) ...
Presolve removed 190 rows and 55 columns (presolve time = 80s) ...
Presolve removed 190 rows and 55 columns (presolve time = 85s) ...
Presolve removed 190 rows and 55 columns (presolve time = 90s) ...
Presolve removed 190 rows and 55 columns (presolve time = 95s) ...
Presolve removed 190 rows and 55 columns (presolve time = 100s) ...
Presolve removed 190 rows and 55 columns (presolve time = 105s) ...
Presolve removed 190 rows and 55 columns (presolve time = 110s) ...
Presolve removed 190 rows and 55 columns (presolve time = 115s) ...
Presolve removed 190 rows and 55 columns (presolve time = 120s) ...
Presolve removed 190 rows and 55 columns (presolve time = 125s) ...
Presolve removed 190 rows and 55 columns (presolve time = 130s) ...
Presolve removed 190 rows and 55 columns (presolve time = 135s) ...
Presolve removed 190 rows and 55 columns (presolve time = 140s) ...
Presolve removed 190 rows and 55 columns (presolve time = 145s) ...
Presolve removed 190 rows and 55 columns (presolve time = 150s) ...
Presolve removed 190 rows and 55 columns (presolve time = 155s) ...
Presolve removed 190 rows and 55 columns (presolve time = 160s) ...
Presolve removed 190 rows and 55 columns (presolve time = 165s) ...
Presolve removed 190 rows and 55 columns (presolve time = 170s) ...
Presolve removed 190 rows and 55 columns (presolve time = 175s) ...
Presolve removed 190 rows and 55 columns (presolve time = 180s) ...
Presolve removed 190 rows and 55 columns (presolve time = 185s) ...
Presolve removed 190 rows and 55 columns (presolve time = 190s) ...
Presolve removed 190 rows and 55 columns (presolve time = 195s) ...
Presolve removed 190 rows and 55 columns (presolve time = 200s) ...
Presolve removed 190 rows and 55 columns (presolve time = 205s) ...
Presolve removed 190 rows and 55 columns (presolve time = 210s) ...
Presolve removed 190 rows and 55 columns (presolve time = 215s) ...
Presolve removed 190 rows and 55 columns (presolve time = 220s) ...
Presolve removed 190 rows and 55 columns (presolve time = 225s) ...
Presolve removed 190 rows and 55 columns (presolve time = 230s) ...
Presolve removed 190 rows and 55 columns (presolve time = 235s) ...
Presolve removed 190 rows and 55 columns (presolve time = 240s) ...
Presolve removed 190 rows and 55 columns (presolve time = 245s) ...
Presolve removed 190 rows and 55 columns (presolve time = 250s) ...
Presolve removed 190 rows and 55 columns (presolve time = 255s) ...
Presolve removed 190 rows and 55 columns (presolve time = 260s) ...
Presolve removed 190 rows and 55 columns (presolve time = 265s) ...
Presolve removed 190 rows and 55 columns (presolve time = 271s) ...
Presolve removed 190 rows and 55 columns (presolve time = 275s) ...
Presolve removed 190 rows and 55 columns (presolve time = 280s) ...
Presolve removed 190 rows and 55 columns (presolve time = 286s) ...
Presolve removed 190 rows and 55 columns (presolve time = 290s) ...
Presolve removed 190 rows and 55 columns
Presolve time: 293.88s
Presolved: 8866 rows, 76588 columns, 69518218 nonzeros
Variable types: 0 continuous, 76588 integer (76588 binary)

Root simplex log...

Iteration    Objective       Primal Inf.    Dual Inf.      Time
       0    5.7169630e+06   1.943027e+06   0.000000e+00    300s
     452    1.4888040e+05   1.100050e+05   0.000000e+00    300s
    2132    9.7766537e+04   2.982841e+04   0.000000e+00    305s
    3000    9.6572151e+04   2.576877e+04   0.000000e+00    310s
    3818    9.5886495e+04   7.824514e+04   0.000000e+00    315s
    4620    9.4419545e+04   1.935940e+05   0.000000e+00    321s
    5269    9.3286035e+04   1.431546e+04   0.000000e+00    326s
    5901    9.2138748e+04   7.819430e+05   0.000000e+00    330s
    6692    9.0251600e+04   1.233977e+05   0.000000e+00    336s
    7503    5.6817763e+04   3.633619e+06   0.000000e+00    341s
    8312    5.2245299e+04   4.420349e+04   0.000000e+00    346s
    8955    5.1330760e+04   1.888498e+04   0.000000e+00    350s
    9589    5.0740284e+04   2.354423e+05   0.000000e+00    355s
   10232    5.0335636e+04   1.833535e+05   0.000000e+00    360s
   10866    4.9983005e+04   4.477530e+03   0.000000e+00    366s
   11500    4.9599145e+04   3.508915e+04   0.000000e+00    371s
   11978    4.9251617e+04   1.067836e+05   0.000000e+00    375s
   12614    4.8753608e+04   4.107571e+05   0.000000e+00    381s
   13247    4.8390732e+04   1.702605e+04   0.000000e+00    386s
   13720    4.8196796e+04   7.531801e+03   0.000000e+00    390s
   14363    4.7937991e+04   2.349977e+04   0.000000e+00    396s
   14842    4.7675904e+04   1.690122e+04   0.000000e+00    400s
   15480    4.7251072e+04   7.581716e+03   0.000000e+00    406s
   16128    4.6853506e+04   7.358889e+04   0.000000e+00    411s
   16771    4.6438039e+04   1.216298e+05   0.000000e+00    416s
   17258    4.6026118e+04   3.180541e+04   0.000000e+00    420s
   17910    4.5368096e+04   1.093500e+05   0.000000e+00    425s
   18569    4.4612426e+04   2.872177e+04   0.000000e+00    430s
   19223    4.3520148e+04   1.695999e+04   0.000000e+00    435s
   19892    4.2285662e+04   1.574810e+05   0.000000e+00    440s
   20738    3.9544249e+04   2.065814e+05   0.000000e+00    446s
   21434    3.4142954e+04   5.615477e+05   0.000000e+00    451s
   22149    3.2532137e+04   2.728785e+05   0.000000e+00    455s
   22858    3.2136940e+04   1.883072e+04   0.000000e+00    460s
   23529    3.1744091e+04   1.175406e+04   0.000000e+00    465s
   24208    3.1433911e+04   7.487901e+03   0.000000e+00    471s
   24871    3.1237819e+04   8.472764e+03   0.000000e+00    476s
   25378    3.1109510e+04   3.290608e+05   0.000000e+00    481s
   26028    3.0975084e+04   6.327605e+04   0.000000e+00    486s
   26505    3.0888649e+04   1.450198e+04   0.000000e+00    491s
   27003    3.0795884e+04   1.160185e+05   0.000000e+00    495s
   27488    3.0725666e+04   1.785811e+05   0.000000e+00    500s
   28128    3.0643239e+04   4.906746e+03   0.000000e+00    506s
   28612    3.0593455e+04   5.258528e+04   0.000000e+00    511s
   29098    3.0549336e+04   2.852536e+04   0.000000e+00    516s
   29581    3.0501523e+04   2.569711e+04   0.000000e+00    521s
   30058    3.0459458e+04   8.128544e+03   0.000000e+00    526s
   30528    3.0425411e+04   2.078910e+04   0.000000e+00    531s
   31021    3.0391501e+04   2.750387e+04   0.000000e+00    537s
   31343    3.0372274e+04   7.707965e+03   0.000000e+00    540s
   31821    3.0345292e+04   9.410493e+04   0.000000e+00    545s
   32299    3.0315425e+04   4.751079e+03   0.000000e+00    550s
   32785    3.0292392e+04   1.940758e+03   0.000000e+00    556s
   33272    3.0269868e+04   1.526175e+04   0.000000e+00    561s
   33741    3.0252247e+04   4.959309e+03   0.000000e+00    566s
   34228    3.0231252e+04   1.137224e+04   0.000000e+00    571s
   34725    3.0214530e+04   2.091389e+03   0.000000e+00    577s
   35040    3.0203455e+04   6.590695e+03   0.000000e+00    580s
   35512    3.0186823e+04   1.426117e+03   0.000000e+00    586s
   35989    3.0170566e+04   2.228388e+03   0.000000e+00    591s
   36465    3.0154065e+04   2.808678e+03   0.000000e+00    597s
   36777    3.0144161e+04   5.315347e+03   0.000000e+00    600s
   37254    3.0130675e+04   1.652185e+04   0.000000e+00    606s
   37736    3.0117762e+04   2.202609e+03   0.000000e+00    612s
   38050    3.0109097e+04   2.350883e+03   0.000000e+00    615s
   38527    3.0095533e+04   2.156178e+04   0.000000e+00    621s
   39005    3.0083056e+04   7.045719e+03   0.000000e+00    626s
   39327    3.0075426e+04   3.347320e+03   0.000000e+00    630s
   39806    3.0062442e+04   2.307151e+03   0.000000e+00    636s
   40282    3.0051384e+04   2.133290e+03   0.000000e+00    641s
   40770    3.0040093e+04   3.244056e+03   0.000000e+00    647s
   41096    3.0034064e+04   3.530730e+03   0.000000e+00    651s
   41570    3.0025530e+04   1.612438e+04   0.000000e+00    656s
   42051    3.0018187e+04   7.413420e+02   0.000000e+00    662s
   42366    3.0012709e+04   3.292636e+03   0.000000e+00    665s
   42848    3.0005856e+04   1.243678e+04   0.000000e+00    670s
   43334    2.9999329e+04   1.348799e+03   0.000000e+00    676s
   43818    2.9992356e+04   9.267230e+02   0.000000e+00    681s
   44300    2.9986029e+04   1.246669e+03   0.000000e+00    687s
   44632    2.9982390e+04   1.939805e+03   0.000000e+00    690s
   45106    2.9978262e+04   1.348579e+03   0.000000e+00    696s
   45581    2.9973509e+04   3.426134e+03   0.000000e+00    701s
   46059    2.9969205e+04   1.416641e+03   0.000000e+00    706s
   46535    2.9965491e+04   8.286179e+02   0.000000e+00    712s
   46864    2.9963599e+04   1.898699e+03   0.000000e+00    715s
   47351    2.9959697e+04   6.959866e+02   0.000000e+00    721s
   47837    2.9955665e+04   1.694267e+04   0.000000e+00    726s
   48316    2.9951928e+04   5.330558e+03   0.000000e+00    731s
   48792    2.9948820e+04   2.074939e+03   0.000000e+00    737s
   49108    2.9947020e+04   4.697276e+02   0.000000e+00    740s
   49587    2.9944221e+04   1.328369e+03   0.000000e+00    746s
   50065    2.9941370e+04   5.346578e+02   0.000000e+00    751s
   50380    2.9939598e+04   3.522800e+02   0.000000e+00    755s
   50851    2.9937238e+04   4.669161e+02   0.000000e+00    761s
   51324    2.9935111e+04   5.085365e+02   0.000000e+00    766s
   51651    2.9933884e+04   2.226086e+03   0.000000e+00    770s
   52134    2.9931766e+04   2.409429e+02   0.000000e+00    776s
   52611    2.9929356e+04   5.929666e+02   0.000000e+00    781s
   52930    2.9927818e+04   7.131148e+02   0.000000e+00    785s
   53415    2.9925293e+04   5.011256e+02   0.000000e+00    791s
   53889    2.9923011e+04   6.207171e+02   0.000000e+00    796s
   54214    2.9921561e+04   2.055283e+03   0.000000e+00    800s
   54709    2.9919737e+04   2.467813e+03   0.000000e+00    806s
   55187    2.9917626e+04   5.451877e+02   0.000000e+00    812s
   55509    2.9916180e+04   4.012962e+02   0.000000e+00    816s
   55997    2.9914799e+04   3.460891e+02   0.000000e+00    821s
   56320    2.9913762e+04   2.532565e+02   0.000000e+00    825s
   56805    2.9912399e+04   4.137219e+03   0.000000e+00    831s
   57281    2.9911162e+04   5.484451e+02   0.000000e+00    837s
   57603    2.9910300e+04   3.984421e+02   0.000000e+00    841s
   58078    2.9908879e+04   4.869197e+02   0.000000e+00    847s
   58399    2.9908073e+04   3.306158e+02   0.000000e+00    851s
   58877    2.9906732e+04   4.410973e+02   0.000000e+00    857s
   59192    2.9906000e+04   1.092467e+03   0.000000e+00    861s
   59673    2.9905092e+04   1.729051e+03   0.000000e+00    867s
   59994    2.9904421e+04   2.698599e+02   0.000000e+00    871s
   60472    2.9903513e+04   2.349361e+03   0.000000e+00    877s
   60787    2.9902950e+04   1.633431e+02   0.000000e+00    881s
   61267    2.9901942e+04   2.767989e+02   0.000000e+00    887s
   61582    2.9901372e+04   4.740536e+02   0.000000e+00    891s
   61897    2.9900771e+04   8.597077e+02   0.000000e+00    895s
   62377    2.9899973e+04   2.497878e+02   0.000000e+00    901s
   62696    2.9899464e+04   1.721094e+03   0.000000e+00    906s
   63181    2.9898561e+04   4.693588e+02   0.000000e+00    912s
   63501    2.9897964e+04   4.468925e+02   0.000000e+00    916s
   63822    2.9897377e+04   3.951416e+02   0.000000e+00    921s
   64304    2.9896558e+04   1.261800e+03   0.000000e+00    927s
   64623    2.9896053e+04   1.974631e+03   0.000000e+00    931s
   64939    2.9895639e+04   1.111979e+02   0.000000e+00    936s
   65409    2.9895126e+04   1.051011e+02   0.000000e+00    942s
   65718    2.9894708e+04   4.008297e+03   0.000000e+00    946s
   66034    2.9894383e+04   1.988648e+02   0.000000e+00    951s
   66508    2.9893804e+04   7.592626e+02   0.000000e+00    957s
   66823    2.9893523e+04   1.772749e+02   0.000000e+00    962s
   67134    2.9893204e+04   2.525197e+02   0.000000e+00    966s
   67448    2.9892973e+04   3.894377e+02   0.000000e+00    970s
   67920    2.9892559e+04   1.150113e+02   0.000000e+00    977s
   68237    2.9892269e+04   2.202833e+02   0.000000e+00    981s
   68549    2.9891944e+04   2.746962e+02   0.000000e+00    986s
   68864    2.9891698e+04   2.962187e+02   0.000000e+00    990s
   69335    2.9891326e+04   1.593330e+02   0.000000e+00    997s
   69649    2.9891057e+04   5.414035e+03   0.000000e+00   1001s
   69963    2.9890783e+04   1.027729e+03   0.000000e+00   1006s
   70272    2.9890469e+04   1.904443e+02   0.000000e+00   1010s
   70738    2.9890038e+04   1.290596e+02   0.000000e+00   1017s
   71053    2.9889796e+04   2.538096e+02   0.000000e+00   1022s
   71371    2.9889527e+04   1.041024e+02   0.000000e+00   1026s
   71683    2.9889244e+04   1.778833e+02   0.000000e+00   1031s
   71998    2.9888938e+04   1.060243e+02   0.000000e+00   1035s
   72465    2.9888497e+04   2.741094e+02   0.000000e+00   1042s
   72784    2.9888236e+04   2.849145e+02   0.000000e+00   1047s
   73095    2.9887902e+04   3.223840e+02   0.000000e+00   1051s
   73408    2.9887638e+04   2.253313e+02   0.000000e+00   1056s
   73721    2.9887365e+04   1.010798e+02   0.000000e+00   1061s
   74042    2.9887084e+04   1.403911e+02   0.000000e+00   1065s
   74362    2.9886831e+04   1.231569e+02   0.000000e+00   1070s
   74828    2.9886514e+04   8.419378e+01   0.000000e+00   1077s
   75143    2.9886344e+04   1.708506e+02   0.000000e+00   1082s
   75453    2.9886115e+04   9.660641e+01   0.000000e+00   1086s
   75771    2.9885916e+04   2.719612e+02   0.000000e+00   1091s
   76084    2.9885686e+04   2.704187e+02   0.000000e+00   1095s
   76397    2.9885471e+04   2.888016e+02   0.000000e+00   1100s
   76881    2.9885181e+04   1.869752e+02   0.000000e+00   1107s
   77199    2.9884993e+04   3.585902e+02   0.000000e+00   1112s
   77510    2.9884778e+04   6.076595e+01   0.000000e+00   1117s
   77825    2.9884589e+04   9.557005e+01   0.000000e+00   1121s
   78138    2.9884403e+04   5.030578e+02   0.000000e+00   1126s
   78458    2.9884243e+04   2.361331e+02   0.000000e+00   1131s
   78775    2.9884073e+04   3.626963e+01   0.000000e+00   1136s
   79092    2.9883911e+04   8.329471e+01   0.000000e+00   1140s
   79414    2.9883759e+04   1.298045e+02   0.000000e+00   1145s
   79731    2.9883618e+04   7.406808e+01   0.000000e+00   1150s
   80202    2.9883401e+04   5.714689e+02   0.000000e+00   1157s
   80514    2.9883281e+04   5.889676e+01   0.000000e+00   1162s
   80830    2.9883175e+04   2.228948e+02   0.000000e+00   1167s
   81147    2.9883042e+04   2.046042e+02   0.000000e+00   1172s
   81457    2.9882928e+04   3.709897e+02   0.000000e+00   1177s
   81773    2.9882808e+04   9.065779e+01   0.000000e+00   1182s
   82092    2.9882697e+04   6.868727e+02   0.000000e+00   1187s
   82402    2.9882567e+04   5.145711e+02   0.000000e+00   1192s
   82722    2.9882450e+04   2.087990e+02   0.000000e+00   1197s
   83044    2.9882333e+04   2.681777e+02   0.000000e+00   1202s
   83360    2.9882223e+04   6.310706e+01   0.000000e+00   1207s
   83681    2.9882098e+04   1.544002e+02   0.000000e+00   1212s
   83992    2.9881993e+04   1.590198e+02   0.000000e+00   1217s
   84304    2.9881859e+04   1.060485e+02   0.000000e+00   1222s
   84623    2.9881742e+04   6.363661e+03   0.000000e+00   1227s
   84937    2.9881633e+04   4.450189e+01   0.000000e+00   1232s
   85246    2.9881521e+04   9.813103e+01   0.000000e+00   1237s
   85557    2.9881420e+04   7.967096e+02   0.000000e+00   1242s
   85869    2.9881312e+04   2.332106e+01   0.000000e+00   1247s
   86183    2.9881227e+04   6.560464e+01   0.000000e+00   1252s
   86493    2.9881137e+04   1.205405e+02   0.000000e+00   1257s
   86654    2.9881088e+04   8.260545e+01   0.000000e+00   1260s
   86968    2.9880980e+04   1.727427e+02   0.000000e+00   1265s
   87284    2.9880885e+04   6.399221e+01   0.000000e+00   1271s
   87601    2.9880784e+04   4.022395e+01   0.000000e+00   1276s
   87915    2.9880704e+04   2.163921e+02   0.000000e+00   1281s
   88236    2.9880620e+04   1.043330e+02   0.000000e+00   1286s
   88557    2.9880514e+04   2.396912e+01   0.000000e+00   1291s
   88879    2.9880408e+04   6.711068e+01   0.000000e+00   1297s
   89199    2.9880316e+04   1.048250e+02   0.000000e+00   1302s
   89532    2.9880232e+04   1.303371e+02   0.000000e+00   1307s
   89690    2.9880191e+04   2.397733e+03   0.000000e+00   1310s
   90011    2.9880100e+04   1.189795e+02   0.000000e+00   1315s
   90324    2.9880019e+04   3.958821e+02   0.000000e+00   1321s
   90642    2.9879938e+04   3.289702e+01   0.000000e+00   1326s
   90956    2.9879842e+04   1.009669e+03   0.000000e+00   1331s
   91272    2.9879754e+04   8.654800e+02   0.000000e+00   1336s
   91586    2.9879695e+04   5.110613e+02   0.000000e+00   1342s
   91898    2.9879630e+04   9.891948e+02   0.000000e+00   1347s
   92212    2.9879565e+04   2.272001e+01   0.000000e+00   1352s
   92527    2.9879497e+04   1.960661e+02   0.000000e+00   1358s
   92680    2.9879471e+04   8.041542e+01   0.000000e+00   1360s
   92994    2.9879408e+04   9.864476e+01   0.000000e+00   1365s
   93305    2.9879341e+04   1.018398e+02   0.000000e+00   1371s
   93624    2.9879291e+04   5.461804e+01   0.000000e+00   1376s
   93939    2.9879227e+04   5.473225e+01   0.000000e+00   1382s
   94254    2.9879163e+04   4.598942e+01   0.000000e+00   1387s
   94572    2.9879116e+04   1.774569e+02   0.000000e+00   1392s
   94730    2.9879089e+04   1.351267e+02   0.000000e+00   1395s
   95055    2.9879032e+04   9.384334e+01   0.000000e+00   1401s
   95368    2.9878979e+04   1.026642e+02   0.000000e+00   1406s
   95682    2.9878929e+04   3.319025e+02   0.000000e+00   1412s
   95993    2.9878868e+04   3.344534e+02   0.000000e+00   1417s
   96308    2.9878815e+04   8.939261e+01   0.000000e+00   1422s
   96468    2.9878791e+04   1.701021e+02   0.000000e+00   1425s
   96780    2.9878747e+04   9.570483e+02   0.000000e+00   1431s
   97094    2.9878718e+04   1.771383e+02   0.000000e+00   1436s
   97408    2.9878669e+04   1.458894e+02   0.000000e+00   1442s
   97720    2.9878617e+04   1.043763e+02   0.000000e+00   1447s
   97879    2.9878583e+04   1.948735e+01   0.000000e+00   1450s
   98192    2.9878523e+04   2.125018e+02   0.000000e+00   1456s
   98502    2.9878475e+04   6.558303e+01   0.000000e+00   1461s
   98817    2.9878434e+04   1.041726e+02   0.000000e+00   1467s
   99131    2.9878387e+04   2.005492e+01   0.000000e+00   1472s
   99287    2.9878360e+04   1.503235e+02   0.000000e+00   1475s
   99600    2.9878312e+04   5.230684e+01   0.000000e+00   1481s
   99914    2.9878270e+04   5.352266e+01   0.000000e+00   1486s
  100230    2.9878225e+04   4.508345e+02   0.000000e+00   1492s
  100542    2.9878190e+04   1.649275e+02   0.000000e+00   1497s
  100701    2.9878173e+04   4.955289e+01   0.000000e+00   1500s
  101011    2.9878135e+04   5.473865e+01   0.000000e+00   1506s
  101327    2.9878096e+04   3.689794e+01   0.000000e+00   1511s
  101642    2.9878065e+04   1.002205e+02   0.000000e+00   1517s
  101963    2.9878030e+04   6.253869e+01   0.000000e+00   1523s
  102118    2.9878014e+04   5.693102e+01   0.000000e+00   1526s
  102439    2.9877982e+04   3.796168e+01   0.000000e+00   1531s
  102759    2.9877953e+04   4.704045e+01   0.000000e+00   1537s
  103073    2.9877918e+04   1.573856e+01   0.000000e+00   1543s
  103230    2.9877902e+04   3.205580e+03   0.000000e+00   1546s
  103553    2.9877874e+04   6.700486e+00   0.000000e+00   1552s
  103868    2.9877852e+04   1.861960e+02   0.000000e+00   1557s
  104023    2.9877838e+04   4.290897e+01   0.000000e+00   1560s
  104339    2.9877809e+04   5.544499e+01   0.000000e+00   1566s
  104653    2.9877788e+04   3.081674e+02   0.000000e+00   1572s
  104972    2.9877761e+04   1.795272e+01   0.000000e+00   1578s
  105129    2.9877744e+04   3.709156e+02   0.000000e+00   1581s
  105443    2.9877719e+04   2.242406e+01   0.000000e+00   1586s
  105761    2.9877690e+04   9.125910e+01   0.000000e+00   1592s
  105917    2.9877675e+04   8.196040e+01   0.000000e+00   1595s
  106239    2.9877652e+04   3.403172e+01   0.000000e+00   1601s
  106559    2.9877627e+04   3.755069e+01   0.000000e+00   1607s
  106714    2.9877613e+04   2.558001e+01   0.000000e+00   1610s
  107034    2.9877586e+04   1.934795e+01   0.000000e+00   1616s
  107351    2.9877563e+04   1.361764e+02   0.000000e+00   1622s
  107508    2.9877551e+04   1.064439e+02   0.000000e+00   1625s
  107823    2.9877526e+04   3.247775e+01   0.000000e+00   1631s
  108141    2.9877505e+04   3.646125e+01   0.000000e+00   1637s
  108298    2.9877495e+04   3.593754e+01   0.000000e+00   1640s
  108616    2.9877473e+04   1.072504e+02   0.000000e+00   1646s
  108937    2.9877455e+04   1.298318e+02   0.000000e+00   1652s
  109095    2.9877445e+04   1.795311e+01   0.000000e+00   1655s
  109412    2.9877428e+04   1.383043e+01   0.000000e+00   1661s
  109730    2.9877410e+04   3.322633e+01   0.000000e+00   1667s
  109885    2.9877401e+04   7.415586e+01   0.000000e+00   1670s
  110197    2.9877383e+04   3.466289e+01   0.000000e+00   1676s
  110511    2.9877365e+04   1.257230e+01   0.000000e+00   1682s
  110670    2.9877357e+04   3.942963e+01   0.000000e+00   1685s
  110981    2.9877337e+04   1.766201e+01   0.000000e+00   1691s
  111299    2.9877315e+04   9.289141e+01   0.000000e+00   1698s
  111459    2.9877304e+04   2.455537e+01   0.000000e+00   1701s
  111771    2.9877286e+04   9.256628e+00   0.000000e+00   1707s
  112085    2.9877271e+04   1.177762e+01   0.000000e+00   1713s
  112241    2.9877265e+04   5.706927e+01   0.000000e+00   1716s
  112551    2.9877252e+04   2.246840e+02   0.000000e+00   1722s
  112864    2.9877237e+04   9.754315e+00   0.000000e+00   1728s
  113020    2.9877233e+04   1.488125e+01   0.000000e+00   1731s
  113343    2.9877220e+04   1.831552e+02   0.000000e+00   1737s
  113499    2.9877216e+04   1.107495e+01   0.000000e+00   1740s
  113812    2.9877202e+04   4.035798e+01   0.000000e+00   1746s
  114131    2.9877191e+04   2.367645e+01   0.000000e+00   1753s
  114289    2.9877185e+04   2.742760e+01   0.000000e+00   1756s
  114602    2.9877175e+04   9.416362e+01   0.000000e+00   1762s
  114915    2.9877166e+04   8.527039e+00   0.000000e+00   1768s
  115073    2.9877160e+04   1.029736e+01   0.000000e+00   1771s
  115384    2.9877149e+04   1.937044e+01   0.000000e+00   1777s
  115547    2.9877145e+04   1.218367e+01   0.000000e+00   1780s
  115864    2.9877137e+04   5.783049e+01   0.000000e+00   1786s
  116172    2.9877128e+04   1.689599e+01   0.000000e+00   1793s
  116329    2.9877122e+04   4.187557e+00   0.000000e+00   1796s

Root relaxation: time limit, 116560 iterations, 1502.28 seconds

    Nodes    |    Current Node    |     Objective Bounds      |     Work
 Expl Unexpl |  Obj  Depth IntInf | Incumbent    BestBd   Gap | It/Node Time

     0     0          -    0      11362.0000 1.4366e+08      -     - 1800s

Explored 0 nodes (116560 simplex iterations) in 1800.20 seconds
Thread count was 8 (of 8 available processors)

Solution count 1: 11362 

Time limit reached
Best objective 1.136200000000e+04, best bound 1.436587170000e+08, gap 1264278.7801%
Obj: 11362
