89
100
Academic license - for non-commercial use only
Optimize a model with 8950 rows, 101233 columns and 87170225 nonzeros
Variable types: 0 continuous, 101233 integer (101233 binary)
Coefficient statistics:
  Matrix range     [1e+00, 1e+00]
  Objective range  [6e+01, 2e+04]
  Bounds range     [1e+00, 1e+00]
  RHS range        [1e+00, 3e+00]
Found heuristic solution: objective 19668
Presolve removed 188 rows and 0 columns (presolve time = 12s) ...
Presolve removed 188 rows and 0 columns (presolve time = 15s) ...
Presolve removed 188 rows and 0 columns (presolve time = 20s) ...
Presolve removed 188 rows and 0 columns (presolve time = 32s) ...
Presolve removed 208 rows and 0 columns (presolve time = 35s) ...
Presolve removed 208 rows and 0 columns (presolve time = 43s) ...
Presolve removed 208 rows and 499 columns (presolve time = 45s) ...
Presolve removed 208 rows and 824 columns (presolve time = 50s) ...
Presolve removed 208 rows and 824 columns (presolve time = 59s) ...
Presolve removed 208 rows and 824 columns (presolve time = 61s) ...
Presolve removed 208 rows and 824 columns (presolve time = 70s) ...
Presolve removed 208 rows and 824 columns (presolve time = 75s) ...
Presolve removed 208 rows and 824 columns (presolve time = 86s) ...
Presolve removed 208 rows and 824 columns (presolve time = 113s) ...
Presolve removed 208 rows and 824 columns (presolve time = 115s) ...
Presolve removed 208 rows and 824 columns (presolve time = 120s) ...
Presolve removed 208 rows and 824 columns (presolve time = 125s) ...
Presolve removed 208 rows and 824 columns (presolve time = 130s) ...
Presolve removed 208 rows and 824 columns (presolve time = 135s) ...
Presolve removed 208 rows and 824 columns (presolve time = 140s) ...
Presolve removed 208 rows and 824 columns (presolve time = 145s) ...
Presolve removed 208 rows and 824 columns (presolve time = 150s) ...
Presolve removed 208 rows and 824 columns (presolve time = 155s) ...
Presolve removed 208 rows and 824 columns (presolve time = 160s) ...
Presolve removed 208 rows and 824 columns (presolve time = 165s) ...
Presolve removed 208 rows and 824 columns (presolve time = 170s) ...
Presolve removed 208 rows and 824 columns (presolve time = 175s) ...
Presolve removed 208 rows and 824 columns (presolve time = 180s) ...
Presolve removed 208 rows and 824 columns (presolve time = 185s) ...
Presolve removed 208 rows and 824 columns (presolve time = 190s) ...
Presolve removed 208 rows and 824 columns (presolve time = 195s) ...
Presolve removed 208 rows and 824 columns (presolve time = 200s) ...
Presolve removed 208 rows and 824 columns (presolve time = 205s) ...
Presolve removed 208 rows and 824 columns (presolve time = 210s) ...
Presolve removed 208 rows and 824 columns (presolve time = 215s) ...
Presolve removed 208 rows and 824 columns (presolve time = 220s) ...
Presolve removed 208 rows and 824 columns (presolve time = 225s) ...
Presolve removed 208 rows and 824 columns (presolve time = 230s) ...
Presolve removed 208 rows and 824 columns (presolve time = 235s) ...
Presolve removed 208 rows and 824 columns (presolve time = 240s) ...
Presolve removed 208 rows and 824 columns (presolve time = 245s) ...
Presolve removed 208 rows and 824 columns (presolve time = 250s) ...
Presolve removed 208 rows and 824 columns (presolve time = 255s) ...
Presolve removed 208 rows and 824 columns (presolve time = 260s) ...
Presolve removed 208 rows and 824 columns (presolve time = 265s) ...
Presolve removed 208 rows and 824 columns (presolve time = 270s) ...
Presolve removed 208 rows and 824 columns (presolve time = 275s) ...
Presolve removed 208 rows and 824 columns (presolve time = 280s) ...
Presolve removed 208 rows and 824 columns (presolve time = 285s) ...
Presolve removed 208 rows and 824 columns (presolve time = 290s) ...
Presolve removed 208 rows and 824 columns (presolve time = 295s) ...
Presolve removed 208 rows and 824 columns (presolve time = 300s) ...
Presolve removed 208 rows and 824 columns (presolve time = 305s) ...
Presolve removed 208 rows and 824 columns (presolve time = 310s) ...
Presolve removed 208 rows and 824 columns (presolve time = 315s) ...
Presolve removed 208 rows and 824 columns (presolve time = 320s) ...
Presolve removed 208 rows and 824 columns (presolve time = 325s) ...
Presolve removed 208 rows and 824 columns (presolve time = 330s) ...
Presolve removed 208 rows and 824 columns (presolve time = 335s) ...
Presolve removed 208 rows and 824 columns (presolve time = 340s) ...
Presolve removed 208 rows and 824 columns (presolve time = 345s) ...
Presolve removed 208 rows and 824 columns (presolve time = 350s) ...
Presolve removed 208 rows and 824 columns (presolve time = 355s) ...
Presolve removed 208 rows and 824 columns (presolve time = 360s) ...
Presolve removed 208 rows and 824 columns (presolve time = 365s) ...
Presolve removed 208 rows and 824 columns (presolve time = 371s) ...
Presolve removed 208 rows and 824 columns (presolve time = 375s) ...
Presolve removed 208 rows and 824 columns (presolve time = 380s) ...
Presolve removed 208 rows and 824 columns (presolve time = 385s) ...
Presolve removed 208 rows and 824 columns (presolve time = 391s) ...
Presolve removed 208 rows and 824 columns (presolve time = 395s) ...
Presolve removed 208 rows and 824 columns (presolve time = 400s) ...
Presolve removed 208 rows and 824 columns (presolve time = 405s) ...
Presolve removed 208 rows and 824 columns (presolve time = 410s) ...
Presolve removed 208 rows and 824 columns (presolve time = 415s) ...
Presolve removed 208 rows and 824 columns (presolve time = 420s) ...
Presolve removed 208 rows and 824 columns (presolve time = 425s) ...
Presolve removed 208 rows and 824 columns (presolve time = 434s) ...
Presolve removed 208 rows and 824 columns
Presolve time: 433.96s
Presolved: 8742 rows, 100409 columns, 83652167 nonzeros
Variable types: 0 continuous, 100409 integer (100409 binary)

Root simplex log...

Iteration    Objective       Primal Inf.    Dual Inf.      Time
       0    6.9149727e+07   2.985177e+07   0.000000e+00    441s
    2204    6.5505288e+04   1.593043e+05   0.000000e+00    445s
    3786    5.1128370e+04   7.472809e+04   0.000000e+00    450s
    5136    4.2905633e+04   2.398570e+04   0.000000e+00    456s
    6207    4.0548409e+04   5.181396e+04   0.000000e+00    461s
    7091    3.9329412e+04   4.917549e+04   0.000000e+00    466s
    7777    3.8500289e+04   1.124540e+05   0.000000e+00    470s
    8627    3.7111463e+04   2.892261e+05   0.000000e+00    476s
    9290    3.5819748e+04   1.086117e+05   0.000000e+00    480s
    9942    3.4708377e+04   1.013429e+06   0.000000e+00    485s
   10603    3.3905246e+04   4.074710e+04   0.000000e+00    491s
   11247    3.3366713e+04   2.164822e+04   0.000000e+00    496s
   11734    3.3088275e+04   2.408704e+04   0.000000e+00    500s
   12384    3.2775112e+04   9.062027e+04   0.000000e+00    506s
   12860    3.2581137e+04   1.010432e+04   0.000000e+00    511s
   13344    3.2337456e+04   1.833804e+05   0.000000e+00    515s
   13824    3.2171233e+04   3.844346e+04   0.000000e+00    520s
   14303    3.2026160e+04   1.127233e+04   0.000000e+00    525s
   14775    3.1880688e+04   1.759112e+04   0.000000e+00    530s
   15241    3.1768785e+04   4.933565e+04   0.000000e+00    536s
   15717    3.1651173e+04   9.201230e+04   0.000000e+00    541s
   16187    3.1539393e+04   8.237875e+05   0.000000e+00    547s
   16499    3.1488007e+04   4.152087e+04   0.000000e+00    551s
   16971    3.1407646e+04   9.411848e+04   0.000000e+00    556s
   17284    3.1361888e+04   5.575412e+03   0.000000e+00    560s
   17754    3.1273242e+04   5.196555e+04   0.000000e+00    566s
   18064    3.1227219e+04   5.209115e+04   0.000000e+00    571s
   18526    3.1164988e+04   6.618413e+04   0.000000e+00    577s
   18838    3.1118890e+04   7.564737e+04   0.000000e+00    581s
   19147    3.1076552e+04   2.824966e+05   0.000000e+00    585s
   19614    3.1021508e+04   1.171373e+05   0.000000e+00    592s
   19924    3.0979460e+04   2.625751e+04   0.000000e+00    596s
   20229    3.0941521e+04   2.348644e+04   0.000000e+00    601s
   20536    3.0904830e+04   3.132894e+04   0.000000e+00    605s
   20999    3.0855792e+04   7.843400e+03   0.000000e+00    612s
   21306    3.0824516e+04   1.576048e+04   0.000000e+00    617s
   21611    3.0803174e+04   2.630017e+04   0.000000e+00    622s
   21915    3.0777375e+04   1.128095e+04   0.000000e+00    627s
   22220    3.0759396e+04   7.619723e+03   0.000000e+00    632s
   22526    3.0741014e+04   1.566681e+04   0.000000e+00    637s
   22832    3.0719177e+04   2.968684e+04   0.000000e+00    642s
   23144    3.0701824e+04   1.400424e+04   0.000000e+00    647s
   23451    3.0684938e+04   1.256748e+04   0.000000e+00    652s
   23757    3.0667898e+04   3.045646e+04   0.000000e+00    657s
   24061    3.0649704e+04   1.291193e+05   0.000000e+00    662s
   24369    3.0635204e+04   1.150085e+04   0.000000e+00    668s
   24522    3.0626981e+04   5.084095e+04   0.000000e+00    670s
   24826    3.0611208e+04   3.528017e+04   0.000000e+00    676s
   25132    3.0597648e+04   1.542558e+04   0.000000e+00    681s
   25437    3.0583158e+04   2.311304e+04   0.000000e+00    687s
   25739    3.0568126e+04   7.165915e+03   0.000000e+00    692s
   26042    3.0553465e+04   1.861749e+04   0.000000e+00    698s
   26193    3.0546126e+04   1.576038e+04   0.000000e+00    700s
   26497    3.0531718e+04   2.247127e+05   0.000000e+00    706s
   26802    3.0518273e+04   4.769843e+04   0.000000e+00    712s
   27104    3.0506685e+04   1.362433e+04   0.000000e+00    717s
   27256    3.0500313e+04   3.759494e+04   0.000000e+00    720s
   27556    3.0488275e+04   4.656915e+04   0.000000e+00    726s
   27862    3.0477304e+04   1.161940e+04   0.000000e+00    732s
   28012    3.0472531e+04   3.617823e+04   0.000000e+00    735s
   28314    3.0462837e+04   3.562910e+04   0.000000e+00    741s
   28619    3.0454859e+04   6.737572e+04   0.000000e+00    747s
   28770    3.0450984e+04   9.042532e+04   0.000000e+00    750s
   29070    3.0442866e+04   1.824539e+04   0.000000e+00    756s
   29369    3.0433806e+04   4.987134e+04   0.000000e+00    762s
   29519    3.0428961e+04   8.098964e+03   0.000000e+00    765s
   29819    3.0418375e+04   1.139169e+05   0.000000e+00    771s
   30121    3.0409045e+04   2.595752e+04   0.000000e+00    778s
   30270    3.0404441e+04   1.130860e+04   0.000000e+00    781s
   30568    3.0395054e+04   2.563862e+04   0.000000e+00    787s
   30868    3.0385144e+04   8.362149e+03   0.000000e+00    793s
   31017    3.0381013e+04   1.024692e+04   0.000000e+00    796s
   31321    3.0373497e+04   1.748477e+04   0.000000e+00    802s
   31475    3.0368527e+04   4.023139e+03   0.000000e+00    806s
   31777    3.0360887e+04   9.054136e+04   0.000000e+00    812s
   32077    3.0353850e+04   2.483081e+04   0.000000e+00    818s
   32228    3.0350782e+04   8.280334e+04   0.000000e+00    821s
   32532    3.0344275e+04   2.897473e+03   0.000000e+00    827s
   32685    3.0340874e+04   4.552339e+04   0.000000e+00    831s
   32988    3.0334071e+04   7.380809e+03   0.000000e+00    837s
   33139    3.0330998e+04   8.492059e+03   0.000000e+00    840s
   33443    3.0324766e+04   9.524782e+03   0.000000e+00    846s
   33749    3.0318367e+04   2.460457e+04   0.000000e+00    853s
   33899    3.0315697e+04   1.929673e+04   0.000000e+00    856s
   34205    3.0310161e+04   1.695539e+04   0.000000e+00    863s
   34356    3.0307843e+04   6.016293e+03   0.000000e+00    866s
   34657    3.0301695e+04   1.607694e+04   0.000000e+00    872s
   34806    3.0299260e+04   6.620764e+04   0.000000e+00    875s
   35111    3.0292651e+04   1.263659e+05   0.000000e+00    882s
   35261    3.0290301e+04   5.529300e+03   0.000000e+00    885s
   35563    3.0285501e+04   1.736469e+04   0.000000e+00    892s
   35864    3.0280378e+04   5.034098e+03   0.000000e+00    898s
   36016    3.0277634e+04   2.305016e+04   0.000000e+00    901s
   36319    3.0272527e+04   9.388125e+03   0.000000e+00    908s
   36471    3.0270560e+04   7.532018e+03   0.000000e+00    911s
   36774    3.0264778e+04   1.931464e+04   0.000000e+00    918s
   36927    3.0262170e+04   5.666425e+03   0.000000e+00    921s
   37229    3.0257483e+04   1.608483e+04   0.000000e+00    928s
   37380    3.0254633e+04   4.866659e+03   0.000000e+00    931s
   37680    3.0249730e+04   2.383967e+04   0.000000e+00    938s
   37831    3.0247992e+04   7.587682e+04   0.000000e+00    941s
   38131    3.0242886e+04   3.850228e+03   0.000000e+00    947s
   38282    3.0240307e+04   3.437643e+04   0.000000e+00    951s
   38581    3.0234760e+04   1.856942e+03   0.000000e+00    957s
   38731    3.0233015e+04   1.941123e+03   0.000000e+00    961s
   39032    3.0228552e+04   4.725877e+04   0.000000e+00    967s
   39181    3.0226626e+04   4.397479e+03   0.000000e+00    971s
   39486    3.0222865e+04   1.689489e+04   0.000000e+00    978s
   39636    3.0220779e+04   4.791460e+03   0.000000e+00    981s
   39939    3.0216549e+04   1.610340e+03   0.000000e+00    988s
   40092    3.0214079e+04   1.276446e+04   0.000000e+00    991s
   40397    3.0209975e+04   6.405311e+03   0.000000e+00    998s
   40548    3.0207571e+04   3.836049e+03   0.000000e+00   1002s
   40700    3.0205414e+04   1.335537e+04   0.000000e+00   1005s
   41003    3.0201986e+04   2.434905e+03   0.000000e+00   1012s
   41156    3.0199863e+04   1.475398e+04   0.000000e+00   1015s
   41459    3.0195437e+04   7.339033e+03   0.000000e+00   1022s
   41611    3.0192927e+04   8.578063e+03   0.000000e+00   1026s
   41917    3.0189396e+04   2.498436e+03   0.000000e+00   1033s
   42068    3.0187679e+04   4.589069e+04   0.000000e+00   1036s
   42371    3.0184100e+04   1.462099e+03   0.000000e+00   1043s
   42525    3.0182317e+04   5.414084e+03   0.000000e+00   1047s
   42678    3.0180497e+04   2.901120e+03   0.000000e+00   1050s
   42981    3.0177785e+04   2.893246e+03   0.000000e+00   1057s
   43138    3.0176431e+04   4.895070e+03   0.000000e+00   1060s
   43441    3.0173402e+04   2.847583e+04   0.000000e+00   1067s
   43593    3.0172042e+04   2.896261e+03   0.000000e+00   1071s
   43898    3.0168906e+04   5.088639e+03   0.000000e+00   1078s
   44050    3.0167350e+04   3.908712e+03   0.000000e+00   1081s
   44351    3.0164731e+04   2.418390e+03   0.000000e+00   1088s
   44502    3.0163409e+04   2.959228e+03   0.000000e+00   1092s
   44655    3.0161829e+04   3.132672e+03   0.000000e+00   1095s
   44963    3.0159290e+04   1.744747e+04   0.000000e+00   1102s
   45114    3.0157995e+04   3.021494e+04   0.000000e+00   1106s
   45421    3.0155093e+04   2.835908e+03   0.000000e+00   1113s
   45572    3.0153760e+04   3.934066e+04   0.000000e+00   1116s
   45874    3.0151123e+04   4.266157e+04   0.000000e+00   1123s
   46027    3.0149888e+04   1.350763e+04   0.000000e+00   1127s
   46178    3.0148615e+04   4.463095e+03   0.000000e+00   1130s
   46484    3.0146116e+04   1.273094e+03   0.000000e+00   1137s
   46636    3.0144940e+04   3.245714e+03   0.000000e+00   1141s
   46940    3.0142309e+04   1.443595e+03   0.000000e+00   1148s
   47092    3.0141148e+04   2.796445e+03   0.000000e+00   1151s
   47399    3.0138264e+04   4.038481e+04   0.000000e+00   1158s
   47552    3.0136931e+04   3.870060e+03   0.000000e+00   1162s
   47705    3.0135752e+04   1.852291e+04   0.000000e+00   1166s
   48010    3.0132883e+04   1.412070e+04   0.000000e+00   1173s
   48162    3.0132092e+04   2.468422e+03   0.000000e+00   1176s
   48464    3.0129975e+04   1.551862e+04   0.000000e+00   1183s
   48615    3.0128955e+04   1.509075e+03   0.000000e+00   1187s
   48769    3.0128064e+04   2.542701e+04   0.000000e+00   1190s
   49075    3.0126122e+04   8.365853e+02   0.000000e+00   1197s
   49226    3.0125173e+04   3.331858e+03   0.000000e+00   1201s
   49530    3.0123049e+04   4.204534e+03   0.000000e+00   1208s
   49680    3.0122155e+04   1.124444e+04   0.000000e+00   1212s
   49832    3.0121059e+04   9.662058e+04   0.000000e+00   1215s
   50138    3.0119224e+04   6.037640e+03   0.000000e+00   1222s
   50290    3.0118311e+04   5.690909e+03   0.000000e+00   1226s
   50595    3.0116368e+04   8.276337e+02   0.000000e+00   1233s
   50749    3.0115410e+04   6.136107e+04   0.000000e+00   1237s
   50902    3.0114332e+04   2.033006e+03   0.000000e+00   1240s
   51214    3.0112170e+04   1.565298e+03   0.000000e+00   1248s
   51365    3.0111188e+04   2.468011e+03   0.000000e+00   1251s
   51669    3.0109339e+04   1.538241e+03   0.000000e+00   1259s
   51824    3.0108436e+04   1.603942e+03   0.000000e+00   1262s
   51978    3.0107582e+04   3.826524e+03   0.000000e+00   1266s
   52286    3.0106060e+04   3.495526e+03   0.000000e+00   1273s
   52441    3.0105314e+04   2.096276e+03   0.000000e+00   1277s
   52594    3.0104572e+04   1.342923e+04   0.000000e+00   1281s
   52902    3.0103313e+04   9.974516e+02   0.000000e+00   1288s
   53057    3.0102546e+04   1.048688e+04   0.000000e+00   1292s
   53211    3.0101825e+04   2.362376e+03   0.000000e+00   1296s
   53520    3.0100106e+04   1.969919e+03   0.000000e+00   1303s
   53674    3.0099367e+04   3.896458e+03   0.000000e+00   1307s
   53828    3.0098496e+04   1.897587e+03   0.000000e+00   1311s
   54134    3.0096919e+04   6.047789e+03   0.000000e+00   1318s
   54291    3.0096026e+04   7.062494e+02   0.000000e+00   1322s
   54446    3.0095041e+04   5.333038e+03   0.000000e+00   1325s
   54758    3.0093427e+04   9.113209e+02   0.000000e+00   1333s
   54913    3.0092572e+04   1.288415e+03   0.000000e+00   1336s
   55067    3.0091836e+04   1.529001e+03   0.000000e+00   1340s
   55377    3.0090361e+04   3.823388e+03   0.000000e+00   1348s
   55532    3.0089610e+04   2.452202e+03   0.000000e+00   1351s
   55686    3.0089119e+04   6.049651e+02   0.000000e+00   1355s
   55995    3.0087698e+04   5.870098e+03   0.000000e+00   1362s
   56150    3.0087075e+04   1.267112e+03   0.000000e+00   1366s
   56460    3.0085966e+04   6.436778e+03   0.000000e+00   1374s
   56611    3.0085256e+04   2.672211e+03   0.000000e+00   1377s
   56763    3.0084765e+04   2.879702e+03   0.000000e+00   1381s
   57075    3.0083523e+04   1.919619e+03   0.000000e+00   1389s
   57229    3.0082864e+04   2.560751e+03   0.000000e+00   1392s
   57382    3.0082365e+04   5.198824e+03   0.000000e+00   1396s
   57688    3.0081221e+04   6.127879e+02   0.000000e+00   1404s
   57842    3.0080627e+04   6.849255e+02   0.000000e+00   1407s
   57995    3.0080074e+04   8.562533e+02   0.000000e+00   1411s
   58300    3.0078748e+04   1.383875e+03   0.000000e+00   1419s
   58454    3.0078131e+04   1.440056e+04   0.000000e+00   1423s
   58606    3.0077642e+04   1.375509e+04   0.000000e+00   1426s
   58761    3.0077088e+04   3.604496e+03   0.000000e+00   1430s
   59070    3.0076169e+04   9.812829e+02   0.000000e+00   1438s
   59223    3.0075665e+04   1.581495e+03   0.000000e+00   1441s
   59377    3.0075081e+04   1.122141e+04   0.000000e+00   1445s
   59684    3.0074046e+04   1.232200e+03   0.000000e+00   1453s
   59838    3.0073581e+04   2.806241e+03   0.000000e+00   1456s
   59990    3.0072948e+04   1.377448e+04   0.000000e+00   1460s
   60299    3.0072027e+04   4.119899e+03   0.000000e+00   1468s
   60454    3.0071459e+04   6.277529e+02   0.000000e+00   1472s
   60608    3.0070962e+04   2.154184e+03   0.000000e+00   1475s
   60916    3.0070028e+04   2.631259e+03   0.000000e+00   1483s
   61070    3.0069566e+04   4.057415e+03   0.000000e+00   1487s
   61225    3.0069054e+04   3.912658e+03   0.000000e+00   1490s
   61537    3.0068077e+04   5.622126e+02   0.000000e+00   1498s
   61693    3.0067589e+04   1.629557e+03   0.000000e+00   1502s
   61850    3.0067138e+04   1.380984e+03   0.000000e+00   1505s
   62164    3.0066266e+04   1.587463e+03   0.000000e+00   1513s
   62321    3.0065883e+04   1.251357e+03   0.000000e+00   1517s
   62477    3.0065435e+04   6.788083e+02   0.000000e+00   1520s
   62792    3.0064481e+04   1.399712e+03   0.000000e+00   1528s
   62946    3.0063953e+04   1.101946e+03   0.000000e+00   1532s
   63105    3.0063556e+04   1.063741e+03   0.000000e+00   1536s
   63416    3.0062842e+04   5.983708e+02   0.000000e+00   1543s
   63571    3.0062483e+04   6.596976e+02   0.000000e+00   1547s
   63726    3.0062211e+04   2.145708e+03   0.000000e+00   1551s
   64041    3.0061545e+04   1.285174e+03   0.000000e+00   1558s
   64198    3.0061079e+04   1.115453e+03   0.000000e+00   1562s
   64355    3.0060616e+04   9.354278e+02   0.000000e+00   1566s
   64669    3.0059782e+04   3.962162e+02   0.000000e+00   1573s
   64825    3.0059444e+04   2.198249e+03   0.000000e+00   1577s
   64980    3.0058938e+04   2.390618e+03   0.000000e+00   1581s
   65291    3.0058141e+04   3.423844e+03   0.000000e+00   1589s
   65449    3.0057789e+04   9.780260e+03   0.000000e+00   1593s
   65603    3.0057402e+04   2.965695e+03   0.000000e+00   1596s
   65762    3.0057120e+04   3.695718e+02   0.000000e+00   1600s
   66072    3.0056439e+04   1.917157e+03   0.000000e+00   1608s
   66226    3.0056143e+04   4.855337e+02   0.000000e+00   1612s
   66381    3.0055805e+04   9.170590e+02   0.000000e+00   1615s
   66696    3.0055214e+04   1.280436e+03   0.000000e+00   1623s
   66856    3.0054888e+04   1.205537e+03   0.000000e+00   1627s
   67016    3.0054596e+04   8.588193e+02   0.000000e+00   1631s
   67329    3.0053976e+04   1.670663e+03   0.000000e+00   1638s
   67488    3.0053645e+04   1.398779e+03   0.000000e+00   1642s
   67644    3.0053351e+04   4.419376e+02   0.000000e+00   1646s
   67803    3.0053080e+04   3.358005e+03   0.000000e+00   1650s
   68121    3.0052437e+04   5.994353e+02   0.000000e+00   1658s
   68277    3.0052108e+04   1.637687e+03   0.000000e+00   1662s
   68433    3.0051699e+04   1.586234e+03   0.000000e+00   1666s
   68747    3.0051025e+04   2.726413e+03   0.000000e+00   1673s
   68905    3.0050624e+04   9.052506e+02   0.000000e+00   1677s
   69064    3.0050325e+04   1.210238e+03   0.000000e+00   1681s
   69221    3.0050043e+04   2.246817e+03   0.000000e+00   1685s
   69534    3.0049401e+04   1.028273e+03   0.000000e+00   1693s
   69691    3.0049081e+04   6.878466e+02   0.000000e+00   1697s
   69849    3.0048793e+04   7.759056e+02   0.000000e+00   1701s
   70162    3.0048223e+04   3.668843e+03   0.000000e+00   1709s
   70319    3.0047894e+04   8.185534e+02   0.000000e+00   1713s
   70479    3.0047648e+04   9.850245e+02   0.000000e+00   1717s
   70636    3.0047405e+04   8.348887e+02   0.000000e+00   1721s
   70951    3.0046724e+04   4.189608e+02   0.000000e+00   1729s
   71110    3.0046438e+04   3.668319e+02   0.000000e+00   1733s
   71270    3.0046146e+04   5.491575e+02   0.000000e+00   1737s
   71427    3.0045876e+04   5.243003e+02   0.000000e+00   1740s
   71742    3.0045390e+04   2.578881e+03   0.000000e+00   1748s
   71899    3.0045097e+04   5.693528e+02   0.000000e+00   1752s
   72061    3.0044882e+04   8.014586e+02   0.000000e+00   1756s
   72221    3.0044649e+04   1.222140e+03   0.000000e+00   1760s
   72538    3.0044142e+04   5.805682e+02   0.000000e+00   1768s
   72697    3.0043853e+04   6.872184e+02   0.000000e+00   1772s
   72856    3.0043641e+04   5.010740e+02   0.000000e+00   1776s
   73014    3.0043406e+04   8.544362e+02   0.000000e+00   1780s
   73335    3.0042822e+04   2.372361e+03   0.000000e+00   1788s
   73494    3.0042568e+04   9.585362e+02   0.000000e+00   1792s
   73653    3.0042233e+04   3.384019e+02   0.000000e+00   1796s

Root relaxation: time limit, 73802 iterations, 1361.22 seconds

    Nodes    |    Current Node    |     Objective Bounds      |     Work
 Expl Unexpl |  Obj  Depth IntInf | Incumbent    BestBd   Gap | It/Node Time

     0     0          -    0      19668.0000 1.7577e+08      -     - 1800s

Explored 0 nodes (73802 simplex iterations) in 1800.26 seconds
Thread count was 8 (of 8 available processors)

Solution count 1: 19668 

Time limit reached
Best objective 1.966800000000e+04, best bound 1.757746130000e+08, gap 893608.6282%
Obj: 19668
