98
97
Academic license - for non-commercial use only
Optimize a model with 9556 rows, 188907 columns and 94098969 nonzeros
Variable types: 0 continuous, 188907 integer (188907 binary)
Coefficient statistics:
  Matrix range     [1e+00, 1e+00]
  Objective range  [4e+01, 2e+04]
  Bounds range     [1e+00, 1e+00]
  RHS range        [1e+00, 3e+00]
Found heuristic solution: objective 12067
Presolve removed 194 rows and 0 columns (presolve time = 13s) ...
Presolve removed 194 rows and 0 columns (presolve time = 15s) ...
Presolve removed 194 rows and 0 columns (presolve time = 20s) ...
Presolve removed 194 rows and 0 columns (presolve time = 30s) ...
Presolve removed 205 rows and 0 columns (presolve time = 35s) ...
Presolve removed 205 rows and 0 columns (presolve time = 43s) ...
Presolve removed 205 rows and 213 columns (presolve time = 45s) ...
Presolve removed 205 rows and 213 columns (presolve time = 56s) ...
Presolve removed 205 rows and 213 columns (presolve time = 60s) ...
Presolve removed 205 rows and 213 columns (presolve time = 69s) ...
Presolve removed 205 rows and 213 columns (presolve time = 70s) ...
Presolve removed 205 rows and 213 columns (presolve time = 75s) ...
Presolve removed 205 rows and 213 columns (presolve time = 83s) ...
Presolve removed 205 rows and 213 columns (presolve time = 86s) ...
Presolve removed 205 rows and 213 columns (presolve time = 113s) ...
Presolve removed 205 rows and 213 columns (presolve time = 115s) ...
Presolve removed 205 rows and 213 columns (presolve time = 120s) ...
Presolve removed 205 rows and 213 columns (presolve time = 125s) ...
Presolve removed 205 rows and 213 columns (presolve time = 130s) ...
Presolve removed 205 rows and 213 columns (presolve time = 135s) ...
Presolve removed 205 rows and 213 columns (presolve time = 140s) ...
Presolve removed 205 rows and 213 columns (presolve time = 145s) ...
Presolve removed 205 rows and 213 columns (presolve time = 150s) ...
Presolve removed 205 rows and 213 columns (presolve time = 155s) ...
Presolve removed 205 rows and 213 columns (presolve time = 160s) ...
Presolve removed 205 rows and 213 columns (presolve time = 165s) ...
Presolve removed 205 rows and 213 columns (presolve time = 170s) ...
Presolve removed 205 rows and 213 columns (presolve time = 175s) ...
Presolve removed 205 rows and 213 columns (presolve time = 180s) ...
Presolve removed 205 rows and 213 columns (presolve time = 185s) ...
Presolve removed 205 rows and 213 columns (presolve time = 190s) ...
Presolve removed 205 rows and 213 columns (presolve time = 195s) ...
Presolve removed 205 rows and 213 columns (presolve time = 200s) ...
Presolve removed 205 rows and 213 columns (presolve time = 205s) ...
Presolve removed 205 rows and 213 columns (presolve time = 210s) ...
Presolve removed 205 rows and 213 columns (presolve time = 215s) ...
Presolve removed 205 rows and 213 columns (presolve time = 220s) ...
Presolve removed 205 rows and 213 columns (presolve time = 225s) ...
Presolve removed 205 rows and 213 columns (presolve time = 230s) ...
Presolve removed 205 rows and 213 columns (presolve time = 235s) ...
Presolve removed 205 rows and 213 columns (presolve time = 240s) ...
Presolve removed 205 rows and 213 columns (presolve time = 245s) ...
Presolve removed 205 rows and 213 columns (presolve time = 250s) ...
Presolve removed 205 rows and 213 columns (presolve time = 255s) ...
Presolve removed 205 rows and 213 columns (presolve time = 260s) ...
Presolve removed 205 rows and 213 columns (presolve time = 265s) ...
Presolve removed 205 rows and 213 columns (presolve time = 270s) ...
Presolve removed 205 rows and 213 columns (presolve time = 275s) ...
Presolve removed 205 rows and 213 columns (presolve time = 280s) ...
Presolve removed 205 rows and 213 columns (presolve time = 285s) ...
Presolve removed 205 rows and 213 columns (presolve time = 290s) ...
Presolve removed 205 rows and 213 columns (presolve time = 295s) ...
Presolve removed 205 rows and 213 columns (presolve time = 300s) ...
Presolve removed 205 rows and 213 columns (presolve time = 306s) ...
Presolve removed 205 rows and 213 columns (presolve time = 310s) ...
Presolve removed 205 rows and 213 columns (presolve time = 315s) ...
Presolve removed 205 rows and 213 columns (presolve time = 320s) ...
Presolve removed 205 rows and 213 columns (presolve time = 325s) ...
Presolve removed 205 rows and 213 columns (presolve time = 330s) ...
Presolve removed 205 rows and 213 columns (presolve time = 335s) ...
Presolve removed 205 rows and 213 columns (presolve time = 340s) ...
Presolve removed 205 rows and 213 columns (presolve time = 345s) ...
Presolve removed 205 rows and 213 columns (presolve time = 350s) ...
Presolve removed 205 rows and 213 columns (presolve time = 355s) ...
Presolve removed 205 rows and 213 columns (presolve time = 360s) ...
Presolve removed 205 rows and 213 columns (presolve time = 365s) ...
Presolve removed 205 rows and 213 columns (presolve time = 370s) ...
Presolve removed 205 rows and 213 columns (presolve time = 375s) ...
Presolve removed 205 rows and 213 columns (presolve time = 380s) ...
Presolve removed 205 rows and 213 columns (presolve time = 385s) ...
Presolve removed 205 rows and 213 columns (presolve time = 390s) ...
Presolve removed 205 rows and 213 columns (presolve time = 395s) ...
Presolve removed 205 rows and 213 columns (presolve time = 400s) ...
Presolve removed 205 rows and 213 columns (presolve time = 405s) ...
Presolve removed 205 rows and 213 columns (presolve time = 410s) ...
Presolve removed 205 rows and 213 columns (presolve time = 415s) ...
Presolve removed 205 rows and 213 columns (presolve time = 420s) ...
Presolve removed 205 rows and 213 columns (presolve time = 426s) ...
Presolve removed 205 rows and 213 columns (presolve time = 430s) ...
Presolve removed 205 rows and 213 columns (presolve time = 435s) ...
Presolve removed 205 rows and 213 columns (presolve time = 440s) ...
Presolve removed 205 rows and 213 columns (presolve time = 445s) ...
Presolve removed 205 rows and 213 columns (presolve time = 450s) ...
Presolve removed 205 rows and 213 columns (presolve time = 455s) ...
Presolve removed 205 rows and 213 columns (presolve time = 460s) ...
Presolve removed 205 rows and 213 columns (presolve time = 465s) ...
Presolve removed 205 rows and 213 columns (presolve time = 470s) ...
Presolve removed 205 rows and 213 columns (presolve time = 475s) ...
Presolve removed 205 rows and 213 columns (presolve time = 480s) ...
Presolve removed 205 rows and 213 columns (presolve time = 488s) ...
Presolve removed 205 rows and 213 columns
Presolve time: 488.49s
Presolved: 9351 rows, 188694 columns, 92674319 nonzeros
Variable types: 0 continuous, 188694 integer (188694 binary)

Root simplex log...

Iteration    Objective       Primal Inf.    Dual Inf.      Time
       0    3.6902017e+07   1.886479e+07   0.000000e+00    497s
    1933    6.6660243e+04   3.856096e+04   0.000000e+00    500s
    3345    5.4814454e+04   6.053722e+04   0.000000e+00    506s
    4400    4.9270223e+04   3.896449e+04   0.000000e+00    511s
    5154    4.5840740e+04   3.162090e+05   0.000000e+00    516s
    5909    4.3636047e+04   3.186535e+06   0.000000e+00    521s
    6616    4.2229880e+04   1.592364e+06   0.000000e+00    526s
    7165    4.1584912e+04   1.531311e+05   0.000000e+00    531s
    7736    4.1030764e+04   1.175793e+05   0.000000e+00    536s
    8271    4.0494524e+04   1.136606e+05   0.000000e+00    540s
    8793    4.0017376e+04   2.737159e+04   0.000000e+00    545s
    9323    3.9647056e+04   1.588595e+04   0.000000e+00    550s
    9853    3.9337395e+04   5.856074e+05   0.000000e+00    556s
   10360    3.9007613e+04   1.005487e+06   0.000000e+00    561s
   10881    3.8726124e+04   4.085135e+05   0.000000e+00    566s
   11409    3.8414180e+04   3.587862e+05   0.000000e+00    572s
   11761    3.8257808e+04   4.453367e+04   0.000000e+00    575s
   12287    3.8029514e+04   7.826044e+05   0.000000e+00    581s
   12624    3.7870255e+04   6.141379e+04   0.000000e+00    585s
   13150    3.7598230e+04   3.936786e+05   0.000000e+00    591s
   13661    3.7376636e+04   2.299641e+04   0.000000e+00    597s
   13999    3.7229710e+04   6.062081e+04   0.000000e+00    601s
   14508    3.7049229e+04   1.472016e+04   0.000000e+00    607s
   14843    3.6893738e+04   1.041660e+04   0.000000e+00    611s
   15355    3.6724411e+04   7.079775e+04   0.000000e+00    617s
   15693    3.6620892e+04   2.573058e+04   0.000000e+00    621s
   16194    3.6469456e+04   2.528809e+04   0.000000e+00    627s
   16528    3.6344063e+04   1.289342e+05   0.000000e+00    631s
   16871    3.6241538e+04   1.003576e+04   0.000000e+00    635s
   17377    3.6114094e+04   3.124359e+05   0.000000e+00    642s
   17714    3.6021357e+04   2.978482e+04   0.000000e+00    646s
   18061    3.5919546e+04   1.302121e+04   0.000000e+00    650s
   18577    3.5748556e+04   4.700221e+04   0.000000e+00    657s
   18908    3.5670531e+04   1.079307e+05   0.000000e+00    661s
   19252    3.5592278e+04   7.735450e+04   0.000000e+00    665s
   19757    3.5427736e+04   5.567577e+04   0.000000e+00    671s
   20095    3.5301711e+04   2.072692e+04   0.000000e+00    676s
   20612    3.5150339e+04   4.453066e+04   0.000000e+00    682s
   20956    3.4992705e+04   2.061561e+05   0.000000e+00    686s
   21292    3.4870963e+04   1.374736e+04   0.000000e+00    690s
   21806    3.4665858e+04   2.038500e+05   0.000000e+00    697s
   22158    3.4513392e+04   5.358831e+04   0.000000e+00    701s
   22494    3.4355821e+04   4.417064e+04   0.000000e+00    705s
   23014    3.4117251e+04   2.020729e+04   0.000000e+00    712s
   23377    3.3956444e+04   1.800735e+05   0.000000e+00    716s
   23728    3.3792175e+04   1.326253e+05   0.000000e+00    720s
   24244    3.3506555e+04   9.201233e+05   0.000000e+00    726s
   24597    3.3346055e+04   3.350026e+04   0.000000e+00    731s
   24965    3.3221892e+04   3.677658e+05   0.000000e+00    735s
   25496    3.3069470e+04   8.444120e+05   0.000000e+00    742s
   25845    3.2978498e+04   2.554983e+04   0.000000e+00    747s
   26189    3.2880897e+04   1.569874e+05   0.000000e+00    751s
   26534    3.2803297e+04   1.231291e+05   0.000000e+00    755s
   26881    3.2747515e+04   7.644518e+03   0.000000e+00    760s
   27393    3.2651803e+04   9.700276e+04   0.000000e+00    767s
   27752    3.2591754e+04   2.979684e+04   0.000000e+00    772s
   28112    3.2533812e+04   4.511902e+04   0.000000e+00    777s
   28464    3.2477032e+04   6.287793e+04   0.000000e+00    782s
   28812    3.2425989e+04   4.004217e+04   0.000000e+00    786s
   29157    3.2364646e+04   3.350980e+04   0.000000e+00    791s
   29507    3.2314226e+04   1.278209e+05   0.000000e+00    796s
   29873    3.2264374e+04   1.393771e+04   0.000000e+00    801s
   30219    3.2228327e+04   1.360303e+05   0.000000e+00    806s
   30571    3.2194063e+04   5.022221e+05   0.000000e+00    811s
   30914    3.2161836e+04   2.822223e+05   0.000000e+00    816s
   31259    3.2126496e+04   4.320114e+05   0.000000e+00    821s
   31601    3.2089439e+04   1.241395e+04   0.000000e+00    826s
   31957    3.2047579e+04   1.429099e+05   0.000000e+00    831s
   32316    3.2005239e+04   8.633757e+04   0.000000e+00    836s
   32660    3.1964699e+04   7.170023e+04   0.000000e+00    841s
   32999    3.1937314e+04   9.209635e+03   0.000000e+00    846s
   33364    3.1908337e+04   1.022927e+04   0.000000e+00    852s
   33707    3.1879422e+04   4.052264e+04   0.000000e+00    857s
   34055    3.1842914e+04   2.053771e+05   0.000000e+00    862s
   34413    3.1797521e+04   2.809924e+04   0.000000e+00    867s
   34612    3.1784124e+04   9.236637e+04   0.000000e+00    870s
   34963    3.1746112e+04   2.520947e+05   0.000000e+00    875s
   35323    3.1709324e+04   4.804001e+03   0.000000e+00    880s
   35668    3.1673705e+04   3.340018e+04   0.000000e+00    886s
   36011    3.1636862e+04   4.801313e+04   0.000000e+00    891s
   36366    3.1606817e+04   8.359105e+03   0.000000e+00    896s
   36714    3.1582847e+04   1.310072e+04   0.000000e+00    901s
   37072    3.1552439e+04   1.169402e+04   0.000000e+00    907s
   37414    3.1527818e+04   1.604540e+05   0.000000e+00    912s
   37751    3.1494937e+04   2.416815e+05   0.000000e+00    917s
   38109    3.1459087e+04   1.279079e+05   0.000000e+00    923s
   38282    3.1441337e+04   5.339251e+04   0.000000e+00    925s
   38645    3.1400087e+04   3.006371e+04   0.000000e+00    931s
   38985    3.1356761e+04   4.570131e+04   0.000000e+00    936s
   39323    3.1313545e+04   1.793944e+05   0.000000e+00    941s
   39672    3.1277476e+04   4.268937e+04   0.000000e+00    946s
   40032    3.1236287e+04   3.369414e+04   0.000000e+00    952s
   40402    3.1200128e+04   8.602568e+03   0.000000e+00    957s
   40573    3.1181169e+04   4.123429e+04   0.000000e+00    960s
   40919    3.1139211e+04   1.225879e+04   0.000000e+00    965s
   41270    3.1105463e+04   5.836453e+04   0.000000e+00    971s
   41621    3.1076275e+04   2.356257e+05   0.000000e+00    976s
   41995    3.1042649e+04   9.364281e+05   0.000000e+00    982s
   42169    3.1025188e+04   2.005550e+05   0.000000e+00    985s
   42539    3.0990501e+04   6.317191e+03   0.000000e+00    991s
   42883    3.0955491e+04   1.547291e+05   0.000000e+00    997s
   43228    3.0922872e+04   8.279401e+04   0.000000e+00   1002s
   43406    3.0900768e+04   1.354724e+05   0.000000e+00   1005s
   43755    3.0862012e+04   4.847881e+04   0.000000e+00   1011s
   44109    3.0829638e+04   1.004035e+05   0.000000e+00   1017s
   44460    3.0800802e+04   2.651012e+04   0.000000e+00   1023s
   44630    3.0788490e+04   4.949061e+05   0.000000e+00   1026s
   44982    3.0761807e+04   3.659961e+03   0.000000e+00   1032s
   45321    3.0732946e+04   7.846140e+04   0.000000e+00   1037s
   45493    3.0723073e+04   1.209653e+04   0.000000e+00   1040s
   45841    3.0700007e+04   1.741490e+05   0.000000e+00   1046s
   46187    3.0680123e+04   4.674749e+04   0.000000e+00   1053s
   46355    3.0671366e+04   4.196809e+03   0.000000e+00   1056s
   46718    3.0654219e+04   6.465478e+04   0.000000e+00   1062s
   46894    3.0644402e+04   1.119496e+05   0.000000e+00   1065s
   47246    3.0623626e+04   1.845606e+04   0.000000e+00   1072s
   47596    3.0600043e+04   2.206572e+05   0.000000e+00   1078s
   47770    3.0591204e+04   1.601245e+04   0.000000e+00   1081s
   48128    3.0572175e+04   3.507369e+05   0.000000e+00   1087s
   48304    3.0562785e+04   9.270892e+04   0.000000e+00   1091s
   48646    3.0540518e+04   9.304564e+03   0.000000e+00   1097s
   48988    3.0519118e+04   1.272723e+04   0.000000e+00   1103s
   49161    3.0505180e+04   6.277598e+03   0.000000e+00   1106s
   49509    3.0487629e+04   1.499420e+04   0.000000e+00   1113s
   49679    3.0479292e+04   1.228839e+04   0.000000e+00   1116s
   50021    3.0460347e+04   1.816682e+04   0.000000e+00   1122s
   50187    3.0450562e+04   6.960825e+03   0.000000e+00   1126s
   50524    3.0434344e+04   5.197221e+04   0.000000e+00   1132s
   50688    3.0426004e+04   7.389379e+03   0.000000e+00   1136s
   51028    3.0413072e+04   1.035676e+04   0.000000e+00   1142s
   51205    3.0406403e+04   6.080400e+03   0.000000e+00   1146s
   51544    3.0393414e+04   2.074028e+05   0.000000e+00   1152s
   51718    3.0385575e+04   5.983019e+03   0.000000e+00   1156s
   52054    3.0372937e+04   3.403866e+04   0.000000e+00   1163s
   52224    3.0366974e+04   1.867218e+04   0.000000e+00   1166s
   52558    3.0355612e+04   9.076546e+04   0.000000e+00   1173s
   52723    3.0348877e+04   5.368336e+04   0.000000e+00   1176s
   53067    3.0335892e+04   1.737214e+04   0.000000e+00   1183s
   53254    3.0330594e+04   6.251836e+03   0.000000e+00   1187s
   53425    3.0324109e+04   7.298349e+04   0.000000e+00   1190s
   53768    3.0312042e+04   5.876016e+04   0.000000e+00   1197s
   53937    3.0307255e+04   1.246443e+05   0.000000e+00   1201s
   54275    3.0296318e+04   1.670597e+04   0.000000e+00   1208s
   54441    3.0289905e+04   2.701106e+04   0.000000e+00   1211s
   54788    3.0280021e+04   2.616514e+04   0.000000e+00   1218s
   54953    3.0274904e+04   5.684693e+04   0.000000e+00   1222s
   55123    3.0270120e+04   3.395266e+04   0.000000e+00   1225s
   55463    3.0260364e+04   1.149115e+04   0.000000e+00   1232s
   55634    3.0255570e+04   1.283693e+04   0.000000e+00   1236s
   55973    3.0246303e+04   1.376731e+05   0.000000e+00   1243s
   56134    3.0240480e+04   1.269748e+04   0.000000e+00   1246s
   56473    3.0230690e+04   3.409589e+03   0.000000e+00   1253s
   56637    3.0225436e+04   4.895909e+04   0.000000e+00   1257s
   56813    3.0221639e+04   1.665591e+03   0.000000e+00   1260s
   57143    3.0213631e+04   1.327795e+04   0.000000e+00   1268s
   57307    3.0208849e+04   1.176389e+05   0.000000e+00   1271s
   57637    3.0201020e+04   1.252612e+04   0.000000e+00   1278s
   57805    3.0196954e+04   1.573592e+04   0.000000e+00   1282s
   57970    3.0193668e+04   3.275882e+03   0.000000e+00   1285s
   58310    3.0187006e+04   5.221934e+04   0.000000e+00   1293s
   58477    3.0183197e+04   3.177307e+03   0.000000e+00   1296s
   58646    3.0179609e+04   5.640055e+04   0.000000e+00   1300s
   58972    3.0173836e+04   1.843285e+04   0.000000e+00   1307s
   59144    3.0170135e+04   1.817015e+04   0.000000e+00   1311s
   59492    3.0163619e+04   8.188253e+03   0.000000e+00   1319s
   59657    3.0160801e+04   4.816158e+03   0.000000e+00   1322s
   59829    3.0158679e+04   8.050204e+03   0.000000e+00   1326s
   60164    3.0152761e+04   2.036394e+04   0.000000e+00   1333s
   60340    3.0148993e+04   9.452399e+03   0.000000e+00   1337s
   60514    3.0145807e+04   8.530567e+03   0.000000e+00   1341s
   60860    3.0139239e+04   9.229716e+03   0.000000e+00   1349s
   61031    3.0135945e+04   4.630578e+03   0.000000e+00   1353s
   61204    3.0133839e+04   1.122141e+05   0.000000e+00   1357s
   61372    3.0131036e+04   6.392766e+04   0.000000e+00   1361s
   61712    3.0126030e+04   7.178084e+03   0.000000e+00   1368s
   61881    3.0122861e+04   1.918515e+04   0.000000e+00   1372s
   62056    3.0119455e+04   1.211238e+04   0.000000e+00   1376s
   62236    3.0116949e+04   3.055681e+03   0.000000e+00   1380s
   62577    3.0111559e+04   1.207887e+05   0.000000e+00   1388s
   62752    3.0109045e+04   2.015883e+04   0.000000e+00   1392s
   62925    3.0105593e+04   6.424881e+03   0.000000e+00   1396s
   63269    3.0100716e+04   3.642455e+04   0.000000e+00   1404s
   63438    3.0097610e+04   7.556034e+03   0.000000e+00   1408s
   63610    3.0095122e+04   3.671988e+03   0.000000e+00   1412s
   63780    3.0093019e+04   3.820322e+04   0.000000e+00   1415s
   64130    3.0088863e+04   3.734376e+03   0.000000e+00   1423s
   64298    3.0087337e+04   5.516211e+04   0.000000e+00   1427s
   64466    3.0084586e+04   7.424123e+04   0.000000e+00   1431s
   64799    3.0078948e+04   1.246841e+04   0.000000e+00   1439s
   64964    3.0076668e+04   2.787546e+04   0.000000e+00   1443s
   65128    3.0073889e+04   2.956275e+04   0.000000e+00   1447s
   65296    3.0071848e+04   1.614259e+04   0.000000e+00   1451s
   65462    3.0068845e+04   7.125531e+03   0.000000e+00   1455s
   65795    3.0063704e+04   1.622218e+04   0.000000e+00   1463s
   65962    3.0061560e+04   9.401864e+04   0.000000e+00   1467s
   66129    3.0059521e+04   7.642536e+04   0.000000e+00   1471s
   66294    3.0056937e+04   1.140571e+04   0.000000e+00   1475s
   66630    3.0051877e+04   4.926075e+03   0.000000e+00   1484s
   66795    3.0049103e+04   2.764925e+04   0.000000e+00   1488s
   66962    3.0046802e+04   3.528761e+03   0.000000e+00   1492s
   67129    3.0044426e+04   1.234361e+04   0.000000e+00   1496s
   67290    3.0042708e+04   6.562095e+03   0.000000e+00   1500s
   67627    3.0038653e+04   1.729493e+05   0.000000e+00   1508s
   67796    3.0037021e+04   2.354285e+03   0.000000e+00   1512s
   67962    3.0035212e+04   1.287711e+04   0.000000e+00   1516s
   68125    3.0033242e+04   3.525316e+03   0.000000e+00   1520s
   68456    3.0029891e+04   2.338205e+04   0.000000e+00   1529s
   68628    3.0027930e+04   6.608456e+03   0.000000e+00   1533s
   68795    3.0025954e+04   7.849866e+03   0.000000e+00   1537s
   68962    3.0024243e+04   2.532649e+03   0.000000e+00   1541s
   69131    3.0022138e+04   1.106674e+04   0.000000e+00   1545s
   69473    3.0018647e+04   1.147634e+04   0.000000e+00   1553s
   69646    3.0016525e+04   2.106372e+04   0.000000e+00   1558s
   69813    3.0014411e+04   4.904613e+03   0.000000e+00   1562s
   69989    3.0013051e+04   9.162167e+03   0.000000e+00   1566s
   70161    3.0011791e+04   5.145656e+03   0.000000e+00   1570s
   70508    3.0008152e+04   1.888829e+03   0.000000e+00   1579s
   70672    3.0006359e+04   1.243016e+04   0.000000e+00   1583s
   70843    3.0004837e+04   2.661731e+04   0.000000e+00   1587s
   71009    3.0003005e+04   1.960010e+04   0.000000e+00   1591s
   71342    2.9999099e+04   4.413222e+03   0.000000e+00   1599s
   71509    2.9997722e+04   1.313354e+03   0.000000e+00   1603s
   71676    2.9995898e+04   5.954038e+03   0.000000e+00   1607s
   71842    2.9993913e+04   7.200489e+04   0.000000e+00   1611s
   72012    2.9992502e+04   1.924878e+03   0.000000e+00   1616s
   72355    2.9989553e+04   6.074367e+03   0.000000e+00   1624s
   72525    2.9987999e+04   4.956941e+04   0.000000e+00   1629s
   72701    2.9987143e+04   1.076831e+05   0.000000e+00   1633s
   72871    2.9985878e+04   3.657768e+03   0.000000e+00   1637s
   73041    2.9984463e+04   4.309461e+04   0.000000e+00   1641s
   73214    2.9982592e+04   1.908650e+03   0.000000e+00   1646s
   73560    2.9979635e+04   3.906335e+03   0.000000e+00   1654s
   73738    2.9978311e+04   7.868906e+03   0.000000e+00   1659s
   73910    2.9976839e+04   4.267859e+03   0.000000e+00   1663s
   74091    2.9975563e+04   4.756340e+04   0.000000e+00   1667s
   74263    2.9974106e+04   6.062284e+03   0.000000e+00   1672s
   74438    2.9972193e+04   9.655962e+03   0.000000e+00   1676s
   74609    2.9970152e+04   5.836848e+03   0.000000e+00   1680s
   74944    2.9966263e+04   8.669425e+03   0.000000e+00   1689s
   75115    2.9964930e+04   1.587942e+04   0.000000e+00   1693s
   75282    2.9963537e+04   7.158504e+04   0.000000e+00   1697s
   75448    2.9962232e+04   1.534106e+05   0.000000e+00   1702s
   75621    2.9961241e+04   6.480941e+04   0.000000e+00   1706s
   75796    2.9960060e+04   4.578614e+03   0.000000e+00   1710s
   76139    2.9956965e+04   9.636865e+04   0.000000e+00   1719s
   76307    2.9955241e+04   4.528355e+03   0.000000e+00   1723s
   76479    2.9953897e+04   3.632529e+04   0.000000e+00   1728s
   76648    2.9952875e+04   1.798021e+04   0.000000e+00   1732s
   76816    2.9951416e+04   5.728120e+03   0.000000e+00   1736s
   76996    2.9950360e+04   2.760868e+03   0.000000e+00   1741s
   77167    2.9949427e+04   2.157119e+05   0.000000e+00   1745s
   77518    2.9947221e+04   5.996400e+03   0.000000e+00   1754s
   77687    2.9946019e+04   2.228820e+04   0.000000e+00   1758s
   77855    2.9944727e+04   2.642078e+03   0.000000e+00   1763s
   78023    2.9943592e+04   3.274523e+03   0.000000e+00   1767s
   78191    2.9942256e+04   1.499460e+04   0.000000e+00   1771s
   78357    2.9941335e+04   7.074184e+03   0.000000e+00   1776s
   78532    2.9939958e+04   3.059159e+03   0.000000e+00   1780s
   78864    2.9937264e+04   1.895891e+04   0.000000e+00   1789s
   79032    2.9936380e+04   4.474468e+03   0.000000e+00   1793s
   79206    2.9935436e+04   1.182965e+04   0.000000e+00   1798s

Root relaxation: time limit, 79304 iterations, 1306.25 seconds

    Nodes    |    Current Node    |     Objective Bounds      |     Work
 Expl Unexpl |  Obj  Depth IntInf | Incumbent    BestBd   Gap | It/Node Time

     0     0          -    0      12067.0000 1.9010e+08      -     - 1800s

Explored 0 nodes (79304 simplex iterations) in 1800.33 seconds
Thread count was 8 (of 8 available processors)

Solution count 1: 12067 

Time limit reached
Best objective 1.206700000000e+04, best bound 1.900994720000e+08, gap 1575266.4705%
Obj: 12067
