Welcome to the 2dKBRKGA
W H
100 100
Running for 10000 generations...
Gen: 0 Improved solution: -26598 Time: 0.029336
Gen: 1 Improved solution: -28500 Time: 0.048346
Gen: 2 Improved solution: -29112 Time: 0.067704
Gen: 14 Improved solution: -29403 Time: 0.281648
Fitness of the top 10 individuals of each population:
Population #0:
	0) -29403
	1) -29403
	2) -29403
	3) -29403
	4) -29403
	5) -29403
	6) -29403
	7) -29403
	8) -29403
	9) -29403
Population #1:
	0) -29403
	1) -29403
	2) -29403
	3) -29403
	4) -29403
	5) -29403
	6) -29403
	7) -29403
	8) -29403
	9) -29403
Population #2:
	0) -29403
	1) -29403
	2) -29403
	3) -29403
	4) -29403
	5) -29403
	6) -29403
	7) -29403
	8) -29403
	9) -29403
Time: 157.791
Best solution found has objective value = -29403
